{"/workspaces/javascript-node-mongo-2/AdvancedWeb/src/server.ts": {"path":"/workspaces/javascript-node-mongo-2/AdvancedWeb/src/server.ts","statementMap":{"0":{"start":{"line":2,"column":0},"end":{"line":2,"column":27}},"1":{"start":{"line":3,"column":0},"end":{"line":3,"column":16}},"2":{"start":{"line":4,"column":0},"end":{"line":4,"column":32}},"3":{"start":{"line":5,"column":0},"end":{"line":5,"column":37}},"4":{"start":{"line":6,"column":0},"end":{"line":6,"column":43}},"5":{"start":{"line":7,"column":0},"end":{"line":7,"column":45}},"6":{"start":{"line":8,"column":0},"end":{"line":8,"column":48}},"7":{"start":{"line":9,"column":0},"end":{"line":9,"column":45}},"8":{"start":{"line":10,"column":0},"end":{"line":10,"column":44}},"9":{"start":{"line":12,"column":12},"end":{"line":12,"column":21}},"10":{"start":{"line":13,"column":0},"end":{"line":13,"column":27}},"11":{"start":{"line":14,"column":0},"end":{"line":14,"column":51}},"12":{"start":{"line":16,"column":11},"end":{"line":16,"column":30}},"13":{"start":{"line":17,"column":0},"end":{"line":17,"column":null}},"14":{"start":{"line":17,"column":22},"end":{"line":17,"column":41}},"15":{"start":{"line":18,"column":0},"end":{"line":18,"column":null}},"16":{"start":{"line":18,"column":23},"end":{"line":18,"column":101}},"17":{"start":{"line":21,"column":0},"end":{"line":21,"column":null}},"18":{"start":{"line":22,"column":0},"end":{"line":22,"column":null}},"19":{"start":{"line":23,"column":0},"end":{"line":23,"column":null}},"20":{"start":{"line":24,"column":0},"end":{"line":24,"column":null}},"21":{"start":{"line":26,"column":16},"end":{"line":41,"column":1}},"22":{"start":{"line":27,"column":2},"end":{"line":40,"column":5}},"23":{"start":{"line":28,"column":4},"end":{"line":39,"column":5}},"24":{"start":{"line":29,"column":6},"end":{"line":29,"column":55}},"25":{"start":{"line":31,"column":6},"end":{"line":38,"column":11}},"26":{"start":{"line":34,"column":10},"end":{"line":34,"column":23}},"27":{"start":{"line":37,"column":10},"end":{"line":37,"column":24}},"28":{"start":{"line":43,"column":0},"end":{"line":43,"column":23}}},"fnMap":{"0":{"name":"(anonymous_1)","decl":{"start":{"line":17,"column":14},"end":{"line":17,"column":19}},"loc":{"start":{"line":17,"column":21},"end":{"line":17,"column":41}}},"1":{"name":"(anonymous_2)","decl":{"start":{"line":18,"column":18},"end":{"line":18,"column":20}},"loc":{"start":{"line":18,"column":22},"end":{"line":18,"column":101}}},"2":{"name":"(anonymous_3)","decl":{"start":{"line":26,"column":16},"end":{"line":26,"column":19}},"loc":{"start":{"line":26,"column":21},"end":{"line":41,"column":1}}},"3":{"name":"(anonymous_4)","decl":{"start":{"line":27,"column":30},"end":{"line":27,"column":31}},"loc":{"start":{"line":27,"column":50},"end":{"line":40,"column":3}}},"4":{"name":"(anonymous_5)","decl":{"start":{"line":33,"column":14},"end":{"line":33,"column":17}},"loc":{"start":{"line":33,"column":19},"end":{"line":35,"column":9}}},"5":{"name":"(anonymous_6)","decl":{"start":{"line":36,"column":15},"end":{"line":36,"column":16}},"loc":{"start":{"line":36,"column":25},"end":{"line":38,"column":9}}}},"branchMap":{"0":{"loc":{"start":{"line":28,"column":4},"end":{"line":39,"column":5}},"type":"if","locations":[{"start":{"line":28,"column":4},"end":{"line":39,"column":5}},{"start":{"line":30,"column":11},"end":{"line":39,"column":5}}]}},"s":{"0":3,"1":3,"2":3,"3":3,"4":3,"5":3,"6":3,"7":3,"8":3,"9":3,"10":3,"11":3,"12":3,"13":3,"14":0,"15":3,"16":3,"17":3,"18":3,"19":3,"20":3,"21":3,"22":3,"23":3,"24":0,"25":3,"26":3,"27":0,"28":3},"f":{"0":0,"1":3,"2":3,"3":3,"4":3,"5":0},"b":{"0":[0,3]}}
,"/workspaces/javascript-node-mongo-2/AdvancedWeb/src/controllers/auth_controller.ts": {"path":"/workspaces/javascript-node-mongo-2/AdvancedWeb/src/controllers/auth_controller.ts","statementMap":{"0":{"start":{"line":2,"column":0},"end":{"line":2,"column":45}},"1":{"start":{"line":3,"column":0},"end":{"line":3,"column":28}},"2":{"start":{"line":4,"column":0},"end":{"line":4,"column":31}},"3":{"start":{"line":8,"column":17},"end":{"line":21,"column":null}},"4":{"start":{"line":8,"column":66},"end":{"line":21,"column":null}},"5":{"start":{"line":9,"column":32},"end":{"line":9,"column":40}},"6":{"start":{"line":10,"column":4},"end":{"line":20,"column":5}},"7":{"start":{"line":11,"column":21},"end":{"line":11,"column":55}},"8":{"start":{"line":12,"column":8},"end":{"line":17,"column":9}},"9":{"start":{"line":13,"column":12},"end":{"line":13,"column":69}},"10":{"start":{"line":16,"column":12},"end":{"line":16,"column":62}},"11":{"start":{"line":19,"column":8},"end":{"line":19,"column":47}},"12":{"start":{"line":24,"column":14},"end":{"line":70,"column":null}},"13":{"start":{"line":24,"column":63},"end":{"line":70,"column":null}},"14":{"start":{"line":25,"column":32},"end":{"line":25,"column":40}},"15":{"start":{"line":26,"column":4},"end":{"line":69,"column":5}},"16":{"start":{"line":27,"column":21},"end":{"line":27,"column":55}},"17":{"start":{"line":28,"column":8},"end":{"line":66,"column":9}},"18":{"start":{"line":29,"column":12},"end":{"line":29,"column":74}},"19":{"start":{"line":31,"column":26},"end":{"line":31,"column":71}},"20":{"start":{"line":32,"column":12},"end":{"line":65,"column":13}},"21":{"start":{"line":33,"column":30},"end":{"line":43,"column":null}},"22":{"start":{"line":45,"column":37},"end":{"line":55,"column":null}},"23":{"start":{"line":58,"column":16},"end":{"line":59,"column":52}},"24":{"start":{"line":58,"column":35},"end":{"line":58,"column":64}},"25":{"start":{"line":59,"column":21},"end":{"line":59,"column":52}},"26":{"start":{"line":60,"column":16},"end":{"line":60,"column":34}},"27":{"start":{"line":61,"column":16},"end":{"line":61,"column":111}},"28":{"start":{"line":64,"column":16},"end":{"line":64,"column":65}},"29":{"start":{"line":68,"column":8},"end":{"line":68,"column":47}},"30":{"start":{"line":72,"column":15},"end":{"line":104,"column":null}},"31":{"start":{"line":72,"column":64},"end":{"line":104,"column":null}},"32":{"start":{"line":73,"column":18},"end":{"line":73,"column":58}},"33":{"start":{"line":74,"column":4},"end":{"line":76,"column":5}},"34":{"start":{"line":75,"column":8},"end":{"line":75,"column":57}},"35":{"start":{"line":77,"column":4},"end":{"line":102,"column":6}},"36":{"start":{"line":77,"column":96},"end":{"line":100,"column":null}},"37":{"start":{"line":78,"column":8},"end":{"line":80,"column":9}},"38":{"start":{"line":79,"column":12},"end":{"line":79,"column":61}},"39":{"start":{"line":81,"column":8},"end":{"line":99,"column":9}},"40":{"start":{"line":82,"column":25},"end":{"line":82,"column":72}},"41":{"start":{"line":83,"column":12},"end":{"line":95,"column":13}},"42":{"start":{"line":84,"column":16},"end":{"line":84,"column":69}},"43":{"start":{"line":86,"column":17},"end":{"line":95,"column":13}},"44":{"start":{"line":87,"column":16},"end":{"line":87,"column":33}},"45":{"start":{"line":88,"column":16},"end":{"line":88,"column":34}},"46":{"start":{"line":89,"column":16},"end":{"line":89,"column":69}},"47":{"start":{"line":92,"column":16},"end":{"line":92,"column":76}},"48":{"start":{"line":93,"column":16},"end":{"line":93,"column":34}},"49":{"start":{"line":94,"column":16},"end":{"line":94,"column":71}},"50":{"start":{"line":98,"column":12},"end":{"line":98,"column":51}},"51":{"start":{"line":107,"column":25},"end":{"line":117,"column":null}},"52":{"start":{"line":107,"column":74},"end":{"line":117,"column":null}},"53":{"start":{"line":108,"column":18},"end":{"line":108,"column":58}},"54":{"start":{"line":109,"column":4},"end":{"line":111,"column":5}},"55":{"start":{"line":110,"column":8},"end":{"line":110,"column":57}},"56":{"start":{"line":112,"column":4},"end":{"line":116,"column":5}},"57":{"start":{"line":113,"column":24},"end":{"line":113,"column":90}},"58":{"start":{"line":115,"column":8},"end":{"line":115,"column":57}},"59":{"start":{"line":120,"column":21},"end":{"line":170,"column":null}},"60":{"start":{"line":120,"column":70},"end":{"line":170,"column":null}},"61":{"start":{"line":121,"column":18},"end":{"line":121,"column":58}},"62":{"start":{"line":122,"column":4},"end":{"line":124,"column":5}},"63":{"start":{"line":123,"column":8},"end":{"line":123,"column":57}},"64":{"start":{"line":125,"column":4},"end":{"line":169,"column":null}},"65":{"start":{"line":125,"column":104},"end":{"line":169,"column":6}},"66":{"start":{"line":126,"column":8},"end":{"line":128,"column":9}},"67":{"start":{"line":127,"column":12},"end":{"line":127,"column":61}},"68":{"start":{"line":129,"column":8},"end":{"line":168,"column":9}},"69":{"start":{"line":130,"column":25},"end":{"line":130,"column":72}},"70":{"start":{"line":131,"column":12},"end":{"line":165,"column":113}},"71":{"start":{"line":132,"column":16},"end":{"line":132,"column":69}},"72":{"start":{"line":134,"column":17},"end":{"line":165,"column":113}},"73":{"start":{"line":135,"column":16},"end":{"line":135,"column":33}},"74":{"start":{"line":136,"column":16},"end":{"line":136,"column":34}},"75":{"start":{"line":137,"column":16},"end":{"line":137,"column":69}},"76":{"start":{"line":139,"column":29},"end":{"line":149,"column":null}},"77":{"start":{"line":151,"column":33},"end":{"line":161,"column":null}},"78":{"start":{"line":163,"column":12},"end":{"line":163,"column":77}},"79":{"start":{"line":164,"column":12},"end":{"line":164,"column":30}},"80":{"start":{"line":165,"column":12},"end":{"line":165,"column":112}},"81":{"start":{"line":167,"column":12},"end":{"line":167,"column":51}},"82":{"start":{"line":172,"column":0},"end":{"line":172,"column":74}}},"fnMap":{"0":{"name":"(anonymous_8)","decl":{"start":{"line":8,"column":17},"end":{"line":8,"column":24}},"loc":{"start":{"line":8,"column":66},"end":{"line":21,"column":null}}},"1":{"name":"(anonymous_9)","decl":{"start":{"line":8,"column":66},"end":{"line":8,"column":null}},"loc":{"start":{"line":8,"column":66},"end":{"line":21,"column":1}}},"2":{"name":"(anonymous_10)","decl":{"start":{"line":24,"column":14},"end":{"line":24,"column":21}},"loc":{"start":{"line":24,"column":63},"end":{"line":70,"column":null}}},"3":{"name":"(anonymous_11)","decl":{"start":{"line":24,"column":63},"end":{"line":24,"column":null}},"loc":{"start":{"line":24,"column":63},"end":{"line":70,"column":1}}},"4":{"name":"(anonymous_12)","decl":{"start":{"line":72,"column":15},"end":{"line":72,"column":22}},"loc":{"start":{"line":72,"column":64},"end":{"line":104,"column":null}}},"5":{"name":"(anonymous_13)","decl":{"start":{"line":72,"column":64},"end":{"line":72,"column":null}},"loc":{"start":{"line":72,"column":64},"end":{"line":104,"column":1}}},"6":{"name":"(anonymous_14)","decl":{"start":{"line":77,"column":63},"end":{"line":77,"column":70}},"loc":{"start":{"line":77,"column":96},"end":{"line":100,"column":null}}},"7":{"name":"(anonymous_15)","decl":{"start":{"line":77,"column":96},"end":{"line":77,"column":null}},"loc":{"start":{"line":77,"column":96},"end":{"line":100,"column":5}}},"8":{"name":"(anonymous_16)","decl":{"start":{"line":107,"column":25},"end":{"line":107,"column":32}},"loc":{"start":{"line":107,"column":74},"end":{"line":117,"column":null}}},"9":{"name":"(anonymous_17)","decl":{"start":{"line":107,"column":74},"end":{"line":107,"column":null}},"loc":{"start":{"line":107,"column":74},"end":{"line":117,"column":1}}},"10":{"name":"(anonymous_18)","decl":{"start":{"line":120,"column":21},"end":{"line":120,"column":28}},"loc":{"start":{"line":120,"column":70},"end":{"line":170,"column":null}}},"11":{"name":"(anonymous_19)","decl":{"start":{"line":120,"column":70},"end":{"line":120,"column":null}},"loc":{"start":{"line":120,"column":70},"end":{"line":170,"column":1}}},"12":{"name":"(anonymous_20)","decl":{"start":{"line":125,"column":71},"end":{"line":125,"column":78}},"loc":{"start":{"line":125,"column":104},"end":{"line":169,"column":6}}},"13":{"name":"(anonymous_21)","decl":{"start":{"line":125,"column":104},"end":{"line":125,"column":null}},"loc":{"start":{"line":125,"column":104},"end":{"line":169,"column":5}}}},"branchMap":{"0":{"loc":{"start":{"line":12,"column":8},"end":{"line":17,"column":9}},"type":"if","locations":[{"start":{"line":12,"column":8},"end":{"line":17,"column":9}},{"start":{"line":14,"column":15},"end":{"line":17,"column":9}}]},"1":{"loc":{"start":{"line":28,"column":8},"end":{"line":66,"column":9}},"type":"if","locations":[{"start":{"line":28,"column":8},"end":{"line":66,"column":9}},{"start":{"line":30,"column":15},"end":{"line":66,"column":9}}]},"2":{"loc":{"start":{"line":32,"column":12},"end":{"line":65,"column":13}},"type":"if","locations":[{"start":{"line":32,"column":12},"end":{"line":65,"column":13}},{"start":{"line":63,"column":16},"end":{"line":65,"column":13}}]},"3":{"loc":{"start":{"line":58,"column":16},"end":{"line":59,"column":52}},"type":"if","locations":[{"start":{"line":58,"column":16},"end":{"line":59,"column":52}},{"start":{"line":59,"column":21},"end":{"line":59,"column":52}}]},"4":{"loc":{"start":{"line":73,"column":18},"end":{"line":73,"column":58}},"type":"cond-expr","locations":[{"start":{"line":73,"column":43},"end":{"line":73,"column":45}},{"start":{"line":73,"column":43},"end":{"line":73,"column":58}}]},"5":{"loc":{"start":{"line":73,"column":18},"end":{"line":73,"column":45}},"type":"binary-expr","locations":[{"start":{"line":73,"column":18},"end":{"line":73,"column":45}},{"start":{"line":73,"column":43},"end":{"line":73,"column":45}}]},"6":{"loc":{"start":{"line":74,"column":4},"end":{"line":76,"column":5}},"type":"if","locations":[{"start":{"line":74,"column":4},"end":{"line":76,"column":5}}]},"7":{"loc":{"start":{"line":78,"column":8},"end":{"line":80,"column":9}},"type":"if","locations":[{"start":{"line":78,"column":8},"end":{"line":80,"column":9}}]},"8":{"loc":{"start":{"line":83,"column":12},"end":{"line":95,"column":13}},"type":"if","locations":[{"start":{"line":83,"column":12},"end":{"line":95,"column":13}},{"start":{"line":86,"column":17},"end":{"line":95,"column":13}}]},"9":{"loc":{"start":{"line":86,"column":17},"end":{"line":95,"column":13}},"type":"if","locations":[{"start":{"line":86,"column":17},"end":{"line":95,"column":13}},{"start":{"line":91,"column":16},"end":{"line":95,"column":13}}]},"10":{"loc":{"start":{"line":108,"column":18},"end":{"line":108,"column":58}},"type":"cond-expr","locations":[{"start":{"line":108,"column":43},"end":{"line":108,"column":45}},{"start":{"line":108,"column":43},"end":{"line":108,"column":58}}]},"11":{"loc":{"start":{"line":108,"column":18},"end":{"line":108,"column":45}},"type":"binary-expr","locations":[{"start":{"line":108,"column":18},"end":{"line":108,"column":45}},{"start":{"line":108,"column":43},"end":{"line":108,"column":45}}]},"12":{"loc":{"start":{"line":109,"column":4},"end":{"line":111,"column":5}},"type":"if","locations":[{"start":{"line":109,"column":4},"end":{"line":111,"column":5}}]},"13":{"loc":{"start":{"line":121,"column":18},"end":{"line":121,"column":58}},"type":"cond-expr","locations":[{"start":{"line":121,"column":43},"end":{"line":121,"column":45}},{"start":{"line":121,"column":43},"end":{"line":121,"column":58}}]},"14":{"loc":{"start":{"line":121,"column":18},"end":{"line":121,"column":45}},"type":"binary-expr","locations":[{"start":{"line":121,"column":18},"end":{"line":121,"column":45}},{"start":{"line":121,"column":43},"end":{"line":121,"column":45}}]},"15":{"loc":{"start":{"line":122,"column":4},"end":{"line":124,"column":5}},"type":"if","locations":[{"start":{"line":122,"column":4},"end":{"line":124,"column":5}}]},"16":{"loc":{"start":{"line":126,"column":8},"end":{"line":128,"column":9}},"type":"if","locations":[{"start":{"line":126,"column":8},"end":{"line":128,"column":9}}]},"17":{"loc":{"start":{"line":131,"column":12},"end":{"line":165,"column":113}},"type":"if","locations":[{"start":{"line":131,"column":12},"end":{"line":165,"column":113}},{"start":{"line":134,"column":17},"end":{"line":165,"column":113}}]},"18":{"loc":{"start":{"line":134,"column":17},"end":{"line":165,"column":113}},"type":"if","locations":[{"start":{"line":134,"column":17},"end":{"line":165,"column":113}},{"start":{"line":138,"column":17},"end":{"line":165,"column":113}}]}},"s":{"0":3,"1":3,"2":3,"3":3,"4":0,"5":0,"6":0,"7":0,"8":0,"9":0,"10":0,"11":0,"12":3,"13":0,"14":0,"15":0,"16":0,"17":0,"18":0,"19":0,"20":0,"21":0,"22":0,"23":0,"24":0,"25":0,"26":0,"27":0,"28":0,"29":0,"30":3,"31":0,"32":0,"33":0,"34":0,"35":0,"36":0,"37":0,"38":0,"39":0,"40":0,"41":0,"42":0,"43":0,"44":0,"45":0,"46":0,"47":0,"48":0,"49":0,"50":0,"51":3,"52":0,"53":0,"54":0,"55":0,"56":0,"57":0,"58":0,"59":3,"60":0,"61":0,"62":0,"63":0,"64":0,"65":0,"66":0,"67":0,"68":0,"69":0,"70":0,"71":0,"72":0,"73":0,"74":0,"75":0,"76":0,"77":0,"78":0,"79":0,"80":0,"81":0,"82":3},"f":{"0":0,"1":0,"2":0,"3":0,"4":0,"5":0,"6":0,"7":0,"8":0,"9":0,"10":0,"11":0,"12":0,"13":0},"b":{"0":[0,0],"1":[0,0],"2":[0,0],"3":[0,0],"4":[0,0],"5":[0,0],"6":[0],"7":[0],"8":[0,0],"9":[0,0],"10":[0,0],"11":[0,0],"12":[0],"13":[0,0],"14":[0,0],"15":[0],"16":[0],"17":[0,0],"18":[0,0]}}
,"/workspaces/javascript-node-mongo-2/AdvancedWeb/src/controllers/comment_controller.ts": {"path":"/workspaces/javascript-node-mongo-2/AdvancedWeb/src/controllers/comment_controller.ts","statementMap":{"0":{"start":{"line":1,"column":0},"end":{"line":1,"column":46}},"1":{"start":{"line":2,"column":0},"end":{"line":2,"column":51}},"2":{"start":{"line":3,"column":0},"end":{"line":3,"column":45}},"3":{"start":{"line":7,"column":22},"end":{"line":23,"column":2}},"4":{"start":{"line":7,"column":60},"end":{"line":23,"column":2}},"5":{"start":{"line":8,"column":21},"end":{"line":8,"column":31}},"6":{"start":{"line":9,"column":15},"end":{"line":9,"column":23}},"7":{"start":{"line":11,"column":2},"end":{"line":22,"column":3}},"8":{"start":{"line":12,"column":17},"end":{"line":12,"column":49}},"9":{"start":{"line":13,"column":4},"end":{"line":19,"column":5}},"10":{"start":{"line":15,"column":6},"end":{"line":15,"column":58}},"11":{"start":{"line":17,"column":27},"end":{"line":17,"column":116}},"12":{"start":{"line":18,"column":6},"end":{"line":18,"column":41}},"13":{"start":{"line":21,"column":4},"end":{"line":21,"column":32}},"14":{"start":{"line":25,"column":20},"end":{"line":52,"column":2}},"15":{"start":{"line":25,"column":58},"end":{"line":52,"column":2}},"16":{"start":{"line":26,"column":32},"end":{"line":26,"column":42}},"17":{"start":{"line":28,"column":2},"end":{"line":51,"column":3}},"18":{"start":{"line":30,"column":17},"end":{"line":30,"column":49}},"19":{"start":{"line":31,"column":4},"end":{"line":47,"column":5}},"20":{"start":{"line":32,"column":6},"end":{"line":44,"column":7}},"21":{"start":{"line":33,"column":8},"end":{"line":33,"column":53}},"22":{"start":{"line":34,"column":8},"end":{"line":39,"column":9}},"23":{"start":{"line":35,"column":8},"end":{"line":35,"column":39}},"24":{"start":{"line":38,"column":10},"end":{"line":38,"column":65}},"25":{"start":{"line":42,"column":8},"end":{"line":42,"column":50}},"26":{"start":{"line":43,"column":8},"end":{"line":43,"column":39}},"27":{"start":{"line":46,"column":6},"end":{"line":46,"column":58}},"28":{"start":{"line":50,"column":4},"end":{"line":50,"column":74}},"29":{"start":{"line":54,"column":22},"end":{"line":71,"column":2}},"30":{"start":{"line":54,"column":60},"end":{"line":71,"column":2}},"31":{"start":{"line":55,"column":24},"end":{"line":55,"column":34}},"32":{"start":{"line":56,"column":22},"end":{"line":56,"column":30}},"33":{"start":{"line":57,"column":2},"end":{"line":70,"column":3}},"34":{"start":{"line":58,"column":20},"end":{"line":58,"column":53}},"35":{"start":{"line":59,"column":4},"end":{"line":66,"column":5}},"36":{"start":{"line":61,"column":6},"end":{"line":61,"column":61}},"37":{"start":{"line":63,"column":6},"end":{"line":63,"column":32}},"38":{"start":{"line":64,"column":29},"end":{"line":64,"column":49}},"39":{"start":{"line":65,"column":6},"end":{"line":65,"column":31}},"40":{"start":{"line":69,"column":4},"end":{"line":69,"column":32}},"41":{"start":{"line":73,"column":22},"end":{"line":88,"column":null}},"42":{"start":{"line":73,"column":60},"end":{"line":88,"column":null}},"43":{"start":{"line":74,"column":24},"end":{"line":74,"column":34}},"44":{"start":{"line":75,"column":2},"end":{"line":87,"column":3}},"45":{"start":{"line":76,"column":20},"end":{"line":76,"column":53}},"46":{"start":{"line":77,"column":4},"end":{"line":83,"column":5}},"47":{"start":{"line":79,"column":6},"end":{"line":79,"column":61}},"48":{"start":{"line":81,"column":6},"end":{"line":81,"column":49}},"49":{"start":{"line":82,"column":6},"end":{"line":82,"column":72}},"50":{"start":{"line":86,"column":4},"end":{"line":86,"column":32}},"51":{"start":{"line":92,"column":0},"end":{"line":92,"column":76}}},"fnMap":{"0":{"name":"(anonymous_8)","decl":{"start":{"line":7,"column":22},"end":{"line":7,"column":29}},"loc":{"start":{"line":7,"column":60},"end":{"line":23,"column":2}}},"1":{"name":"(anonymous_9)","decl":{"start":{"line":7,"column":60},"end":{"line":7,"column":null}},"loc":{"start":{"line":7,"column":60},"end":{"line":23,"column":1}}},"2":{"name":"(anonymous_10)","decl":{"start":{"line":25,"column":20},"end":{"line":25,"column":27}},"loc":{"start":{"line":25,"column":58},"end":{"line":52,"column":2}}},"3":{"name":"(anonymous_11)","decl":{"start":{"line":25,"column":58},"end":{"line":25,"column":null}},"loc":{"start":{"line":25,"column":58},"end":{"line":52,"column":1}}},"4":{"name":"(anonymous_12)","decl":{"start":{"line":54,"column":22},"end":{"line":54,"column":29}},"loc":{"start":{"line":54,"column":60},"end":{"line":71,"column":2}}},"5":{"name":"(anonymous_13)","decl":{"start":{"line":54,"column":60},"end":{"line":54,"column":null}},"loc":{"start":{"line":54,"column":60},"end":{"line":71,"column":1}}},"6":{"name":"(anonymous_14)","decl":{"start":{"line":73,"column":22},"end":{"line":73,"column":29}},"loc":{"start":{"line":73,"column":60},"end":{"line":88,"column":null}}},"7":{"name":"(anonymous_15)","decl":{"start":{"line":73,"column":60},"end":{"line":73,"column":null}},"loc":{"start":{"line":73,"column":60},"end":{"line":88,"column":1}}}},"branchMap":{"0":{"loc":{"start":{"line":13,"column":4},"end":{"line":19,"column":5}},"type":"if","locations":[{"start":{"line":13,"column":4},"end":{"line":19,"column":5}},{"start":{"line":16,"column":11},"end":{"line":19,"column":5}}]},"1":{"loc":{"start":{"line":31,"column":4},"end":{"line":47,"column":5}},"type":"if","locations":[{"start":{"line":31,"column":4},"end":{"line":47,"column":5}},{"start":{"line":45,"column":11},"end":{"line":47,"column":5}}]},"2":{"loc":{"start":{"line":31,"column":8},"end":{"line":31,"column":22}},"type":"binary-expr","locations":[{"start":{"line":31,"column":8},"end":{"line":31,"column":14}},{"start":{"line":31,"column":18},"end":{"line":31,"column":22}}]},"3":{"loc":{"start":{"line":32,"column":6},"end":{"line":44,"column":7}},"type":"if","locations":[{"start":{"line":32,"column":6},"end":{"line":44,"column":7}},{"start":{"line":41,"column":11},"end":{"line":44,"column":7}}]},"4":{"loc":{"start":{"line":34,"column":8},"end":{"line":39,"column":9}},"type":"if","locations":[{"start":{"line":34,"column":8},"end":{"line":39,"column":9}},{"start":{"line":37,"column":12},"end":{"line":39,"column":9}}]},"5":{"loc":{"start":{"line":59,"column":4},"end":{"line":66,"column":5}},"type":"if","locations":[{"start":{"line":59,"column":4},"end":{"line":66,"column":5}},{"start":{"line":62,"column":11},"end":{"line":66,"column":5}}]},"6":{"loc":{"start":{"line":77,"column":4},"end":{"line":83,"column":5}},"type":"if","locations":[{"start":{"line":77,"column":4},"end":{"line":83,"column":5}},{"start":{"line":80,"column":11},"end":{"line":83,"column":5}}]}},"s":{"0":3,"1":3,"2":3,"3":3,"4":3,"5":3,"6":3,"7":3,"8":3,"9":3,"10":1,"11":2,"12":1,"13":1,"14":3,"15":7,"16":7,"17":7,"18":7,"19":6,"20":5,"21":2,"22":2,"23":1,"24":1,"25":3,"26":3,"27":1,"28":1,"29":3,"30":3,"31":3,"32":3,"33":3,"34":3,"35":3,"36":1,"37":2,"38":2,"39":1,"40":1,"41":3,"42":3,"43":3,"44":3,"45":3,"46":2,"47":1,"48":1,"49":1,"50":1,"51":3},"f":{"0":3,"1":3,"2":7,"3":7,"4":3,"5":3,"6":3,"7":3},"b":{"0":[1,2],"1":[5,1],"2":[6,6],"3":[2,3],"4":[1,1],"5":[1,2],"6":[1,1]}}
,"/workspaces/javascript-node-mongo-2/AdvancedWeb/src/controllers/post_controller.ts": {"path":"/workspaces/javascript-node-mongo-2/AdvancedWeb/src/controllers/post_controller.ts","statementMap":{"0":{"start":{"line":1,"column":0},"end":{"line":1,"column":45}},"1":{"start":{"line":4,"column":16},"end":{"line":12,"column":2}},"2":{"start":{"line":4,"column":54},"end":{"line":12,"column":2}},"3":{"start":{"line":5,"column":19},"end":{"line":5,"column":27}},"4":{"start":{"line":6,"column":2},"end":{"line":11,"column":3}},"5":{"start":{"line":7,"column":17},"end":{"line":7,"column":49}},"6":{"start":{"line":8,"column":4},"end":{"line":8,"column":31}},"7":{"start":{"line":10,"column":4},"end":{"line":10,"column":32}},"8":{"start":{"line":14,"column":16},"end":{"line":27,"column":2}},"9":{"start":{"line":14,"column":54},"end":{"line":27,"column":2}},"10":{"start":{"line":15,"column":17},"end":{"line":15,"column":33}},"11":{"start":{"line":16,"column":2},"end":{"line":26,"column":3}},"12":{"start":{"line":17,"column":4},"end":{"line":23,"column":5}},"13":{"start":{"line":18,"column":20},"end":{"line":18,"column":60}},"14":{"start":{"line":19,"column":6},"end":{"line":19,"column":22}},"15":{"start":{"line":20,"column":11},"end":{"line":23,"column":5}},"16":{"start":{"line":21,"column":20},"end":{"line":21,"column":42}},"17":{"start":{"line":22,"column":6},"end":{"line":22,"column":22}},"18":{"start":{"line":25,"column":4},"end":{"line":25,"column":32}},"19":{"start":{"line":29,"column":20},"end":{"line":42,"column":2}},"20":{"start":{"line":29,"column":58},"end":{"line":42,"column":2}},"21":{"start":{"line":30,"column":17},"end":{"line":30,"column":30}},"22":{"start":{"line":32,"column":2},"end":{"line":41,"column":3}},"23":{"start":{"line":33,"column":17},"end":{"line":33,"column":49}},"24":{"start":{"line":34,"column":4},"end":{"line":38,"column":5}},"25":{"start":{"line":35,"column":6},"end":{"line":35,"column":21}},"26":{"start":{"line":37,"column":6},"end":{"line":37,"column":45}},"27":{"start":{"line":40,"column":4},"end":{"line":40,"column":32}},"28":{"start":{"line":44,"column":19},"end":{"line":52,"column":2}},"29":{"start":{"line":44,"column":57},"end":{"line":52,"column":2}},"30":{"start":{"line":45,"column":17},"end":{"line":45,"column":30}},"31":{"start":{"line":46,"column":2},"end":{"line":51,"column":3}},"32":{"start":{"line":47,"column":15},"end":{"line":47,"column":56}},"33":{"start":{"line":48,"column":4},"end":{"line":48,"column":29}},"34":{"start":{"line":50,"column":4},"end":{"line":50,"column":32}},"35":{"start":{"line":54,"column":19},"end":{"line":70,"column":2}},"36":{"start":{"line":54,"column":57},"end":{"line":70,"column":2}},"37":{"start":{"line":55,"column":13},"end":{"line":55,"column":26}},"38":{"start":{"line":56,"column":15},"end":{"line":56,"column":23}},"39":{"start":{"line":58,"column":2},"end":{"line":69,"column":3}},"40":{"start":{"line":59,"column":17},"end":{"line":59,"column":45}},"41":{"start":{"line":60,"column":4},"end":{"line":66,"column":5}},"42":{"start":{"line":61,"column":6},"end":{"line":61,"column":58}},"43":{"start":{"line":64,"column":26},"end":{"line":64,"column":128}},"44":{"start":{"line":65,"column":6},"end":{"line":65,"column":40}},"45":{"start":{"line":68,"column":4},"end":{"line":68,"column":32}},"46":{"start":{"line":72,"column":0},"end":{"line":72,"column":75}}},"fnMap":{"0":{"name":"(anonymous_8)","decl":{"start":{"line":4,"column":16},"end":{"line":4,"column":23}},"loc":{"start":{"line":4,"column":54},"end":{"line":12,"column":2}}},"1":{"name":"(anonymous_9)","decl":{"start":{"line":4,"column":54},"end":{"line":4,"column":null}},"loc":{"start":{"line":4,"column":54},"end":{"line":12,"column":1}}},"2":{"name":"(anonymous_10)","decl":{"start":{"line":14,"column":16},"end":{"line":14,"column":23}},"loc":{"start":{"line":14,"column":54},"end":{"line":27,"column":2}}},"3":{"name":"(anonymous_11)","decl":{"start":{"line":14,"column":54},"end":{"line":14,"column":null}},"loc":{"start":{"line":14,"column":54},"end":{"line":27,"column":1}}},"4":{"name":"(anonymous_12)","decl":{"start":{"line":29,"column":20},"end":{"line":29,"column":27}},"loc":{"start":{"line":29,"column":58},"end":{"line":42,"column":2}}},"5":{"name":"(anonymous_13)","decl":{"start":{"line":29,"column":58},"end":{"line":29,"column":null}},"loc":{"start":{"line":29,"column":58},"end":{"line":42,"column":1}}},"6":{"name":"(anonymous_14)","decl":{"start":{"line":44,"column":19},"end":{"line":44,"column":26}},"loc":{"start":{"line":44,"column":57},"end":{"line":52,"column":2}}},"7":{"name":"(anonymous_15)","decl":{"start":{"line":44,"column":57},"end":{"line":44,"column":null}},"loc":{"start":{"line":44,"column":57},"end":{"line":52,"column":1}}},"8":{"name":"(anonymous_16)","decl":{"start":{"line":54,"column":19},"end":{"line":54,"column":26}},"loc":{"start":{"line":54,"column":57},"end":{"line":70,"column":2}}},"9":{"name":"(anonymous_17)","decl":{"start":{"line":54,"column":57},"end":{"line":54,"column":null}},"loc":{"start":{"line":54,"column":57},"end":{"line":70,"column":1}}}},"branchMap":{"0":{"loc":{"start":{"line":17,"column":4},"end":{"line":23,"column":5}},"type":"if","locations":[{"start":{"line":17,"column":4},"end":{"line":23,"column":5}},{"start":{"line":20,"column":11},"end":{"line":23,"column":5}}]},"1":{"loc":{"start":{"line":20,"column":11},"end":{"line":23,"column":5}},"type":"if","locations":[{"start":{"line":20,"column":11},"end":{"line":23,"column":5}}]},"2":{"loc":{"start":{"line":34,"column":4},"end":{"line":38,"column":5}},"type":"if","locations":[{"start":{"line":34,"column":4},"end":{"line":38,"column":5}},{"start":{"line":36,"column":11},"end":{"line":38,"column":5}}]},"3":{"loc":{"start":{"line":60,"column":4},"end":{"line":66,"column":5}},"type":"if","locations":[{"start":{"line":60,"column":4},"end":{"line":66,"column":5}},{"start":{"line":63,"column":8},"end":{"line":66,"column":5}}]}},"s":{"0":3,"1":3,"2":6,"3":6,"4":6,"5":6,"6":5,"7":1,"8":3,"9":4,"10":4,"11":4,"12":4,"13":1,"14":1,"15":3,"16":3,"17":3,"18":0,"19":3,"20":3,"21":3,"22":3,"23":3,"24":3,"25":2,"26":1,"27":0,"28":3,"29":1,"30":1,"31":1,"32":1,"33":1,"34":0,"35":3,"36":1,"37":1,"38":1,"39":1,"40":1,"41":1,"42":0,"43":1,"44":1,"45":0,"46":3},"f":{"0":6,"1":6,"2":4,"3":4,"4":3,"5":3,"6":1,"7":1,"8":1,"9":1},"b":{"0":[1,3],"1":[3],"2":[2,1],"3":[0,1]}}
,"/workspaces/javascript-node-mongo-2/AdvancedWeb/src/controllers/user_controller.ts": {"path":"/workspaces/javascript-node-mongo-2/AdvancedWeb/src/controllers/user_controller.ts","statementMap":{"0":{"start":{"line":1,"column":0},"end":{"line":1,"column":45}},"1":{"start":{"line":3,"column":0},"end":{"line":3,"column":32}},"2":{"start":{"line":4,"column":0},"end":{"line":4,"column":28}},"3":{"start":{"line":7,"column":16},"end":{"line":30,"column":2}},"4":{"start":{"line":7,"column":54},"end":{"line":30,"column":2}},"5":{"start":{"line":8,"column":46},"end":{"line":8,"column":54}},"6":{"start":{"line":11,"column":2},"end":{"line":14,"column":3}},"7":{"start":{"line":12,"column":4},"end":{"line":12,"column":84}},"8":{"start":{"line":13,"column":4},"end":{"line":13,"column":11}},"9":{"start":{"line":15,"column":2},"end":{"line":29,"column":3}},"10":{"start":{"line":16,"column":4},"end":{"line":25,"column":5}},"11":{"start":{"line":17,"column":6},"end":{"line":17,"column":63}},"12":{"start":{"line":18,"column":6},"end":{"line":18,"column":13}},"13":{"start":{"line":20,"column":32},"end":{"line":20,"column":63}},"14":{"start":{"line":21,"column":25},"end":{"line":21,"column":54}},"15":{"start":{"line":22,"column":19},"end":{"line":22,"column":114}},"16":{"start":{"line":23,"column":6},"end":{"line":23,"column":24}},"17":{"start":{"line":24,"column":6},"end":{"line":24,"column":33}},"18":{"start":{"line":27,"column":4},"end":{"line":27,"column":25}},"19":{"start":{"line":28,"column":4},"end":{"line":28,"column":83}},"20":{"start":{"line":33,"column":17},"end":{"line":41,"column":2}},"21":{"start":{"line":33,"column":55},"end":{"line":41,"column":2}},"22":{"start":{"line":34,"column":2},"end":{"line":40,"column":3}},"23":{"start":{"line":35,"column":18},"end":{"line":35,"column":40}},"24":{"start":{"line":36,"column":4},"end":{"line":36,"column":32}},"25":{"start":{"line":38,"column":4},"end":{"line":38,"column":25}},"26":{"start":{"line":39,"column":4},"end":{"line":39,"column":84}},"27":{"start":{"line":44,"column":20},"end":{"line":62,"column":2}},"28":{"start":{"line":44,"column":58},"end":{"line":62,"column":2}},"29":{"start":{"line":45,"column":17},"end":{"line":45,"column":27}},"30":{"start":{"line":47,"column":2},"end":{"line":61,"column":3}},"31":{"start":{"line":48,"column":4},"end":{"line":51,"column":5}},"32":{"start":{"line":49,"column":8},"end":{"line":49,"column":68}},"33":{"start":{"line":50,"column":8},"end":{"line":50,"column":15}},"34":{"start":{"line":52,"column":17},"end":{"line":52,"column":45}},"35":{"start":{"line":53,"column":4},"end":{"line":56,"column":5}},"36":{"start":{"line":54,"column":6},"end":{"line":54,"column":58}},"37":{"start":{"line":55,"column":6},"end":{"line":55,"column":13}},"38":{"start":{"line":57,"column":4},"end":{"line":57,"column":31}},"39":{"start":{"line":59,"column":4},"end":{"line":59,"column":25}},"40":{"start":{"line":60,"column":4},"end":{"line":60,"column":83}},"41":{"start":{"line":65,"column":19},"end":{"line":83,"column":2}},"42":{"start":{"line":65,"column":57},"end":{"line":83,"column":2}},"43":{"start":{"line":66,"column":17},"end":{"line":66,"column":27}},"44":{"start":{"line":68,"column":2},"end":{"line":82,"column":3}},"45":{"start":{"line":69,"column":4},"end":{"line":72,"column":7}},"46":{"start":{"line":70,"column":9},"end":{"line":70,"column":69}},"47":{"start":{"line":71,"column":9},"end":{"line":71,"column":16}},"48":{"start":{"line":73,"column":24},"end":{"line":73,"column":61}},"49":{"start":{"line":74,"column":4},"end":{"line":77,"column":5}},"50":{"start":{"line":75,"column":6},"end":{"line":75,"column":58}},"51":{"start":{"line":76,"column":6},"end":{"line":76,"column":13}},"52":{"start":{"line":78,"column":4},"end":{"line":78,"column":27}},"53":{"start":{"line":80,"column":4},"end":{"line":80,"column":25}},"54":{"start":{"line":81,"column":3},"end":{"line":81,"column":82}},"55":{"start":{"line":86,"column":19},"end":{"line":140,"column":4}},"56":{"start":{"line":86,"column":57},"end":{"line":140,"column":4}},"57":{"start":{"line":87,"column":19},"end":{"line":87,"column":29}},"58":{"start":{"line":92,"column":8},"end":{"line":92,"column":16}},"59":{"start":{"line":94,"column":4},"end":{"line":139,"column":5}},"60":{"start":{"line":96,"column":19},"end":{"line":96,"column":47}},"61":{"start":{"line":98,"column":6},"end":{"line":129,"column":7}},"62":{"start":{"line":99,"column":8},"end":{"line":99,"column":60}},"63":{"start":{"line":100,"column":13},"end":{"line":129,"column":7}},"64":{"start":{"line":101,"column":8},"end":{"line":103,"column":11}},"65":{"start":{"line":108,"column":32},"end":{"line":108,"column":45}},"66":{"start":{"line":109,"column":8},"end":{"line":111,"column":9}},"67":{"start":{"line":110,"column":10},"end":{"line":110,"column":62}},"68":{"start":{"line":115,"column":28},"end":{"line":119,"column":25}},"69":{"start":{"line":122,"column":8},"end":{"line":128,"column":9}},"70":{"start":{"line":123,"column":10},"end":{"line":123,"column":69}},"71":{"start":{"line":124,"column":10},"end":{"line":124,"column":17}},"72":{"start":{"line":127,"column":10},"end":{"line":127,"column":44}},"73":{"start":{"line":131,"column":6},"end":{"line":131,"column":27}},"74":{"start":{"line":133,"column":6},"end":{"line":138,"column":7}},"75":{"start":{"line":134,"column":8},"end":{"line":134,"column":67}},"76":{"start":{"line":137,"column":8},"end":{"line":137,"column":87}},"77":{"start":{"line":144,"column":0},"end":{"line":144,"column":74}}},"fnMap":{"0":{"name":"(anonymous_8)","decl":{"start":{"line":7,"column":16},"end":{"line":7,"column":23}},"loc":{"start":{"line":7,"column":54},"end":{"line":30,"column":2}}},"1":{"name":"(anonymous_9)","decl":{"start":{"line":7,"column":54},"end":{"line":7,"column":null}},"loc":{"start":{"line":7,"column":54},"end":{"line":30,"column":1}}},"2":{"name":"(anonymous_10)","decl":{"start":{"line":33,"column":17},"end":{"line":33,"column":24}},"loc":{"start":{"line":33,"column":55},"end":{"line":41,"column":2}}},"3":{"name":"(anonymous_11)","decl":{"start":{"line":33,"column":55},"end":{"line":33,"column":null}},"loc":{"start":{"line":33,"column":55},"end":{"line":41,"column":1}}},"4":{"name":"(anonymous_12)","decl":{"start":{"line":44,"column":20},"end":{"line":44,"column":27}},"loc":{"start":{"line":44,"column":58},"end":{"line":62,"column":2}}},"5":{"name":"(anonymous_13)","decl":{"start":{"line":44,"column":58},"end":{"line":44,"column":null}},"loc":{"start":{"line":44,"column":58},"end":{"line":62,"column":1}}},"6":{"name":"(anonymous_14)","decl":{"start":{"line":65,"column":19},"end":{"line":65,"column":26}},"loc":{"start":{"line":65,"column":57},"end":{"line":83,"column":2}}},"7":{"name":"(anonymous_15)","decl":{"start":{"line":65,"column":57},"end":{"line":65,"column":null}},"loc":{"start":{"line":65,"column":57},"end":{"line":83,"column":1}}},"8":{"name":"(anonymous_16)","decl":{"start":{"line":86,"column":19},"end":{"line":86,"column":26}},"loc":{"start":{"line":86,"column":57},"end":{"line":140,"column":4}}},"9":{"name":"(anonymous_17)","decl":{"start":{"line":86,"column":57},"end":{"line":86,"column":null}},"loc":{"start":{"line":86,"column":57},"end":{"line":140,"column":3}}}},"branchMap":{"0":{"loc":{"start":{"line":11,"column":2},"end":{"line":14,"column":3}},"type":"if","locations":[{"start":{"line":11,"column":2},"end":{"line":14,"column":3}}]},"1":{"loc":{"start":{"line":11,"column":6},"end":{"line":11,"column":38}},"type":"binary-expr","locations":[{"start":{"line":11,"column":6},"end":{"line":11,"column":15}},{"start":{"line":11,"column":19},"end":{"line":11,"column":25}},{"start":{"line":11,"column":29},"end":{"line":11,"column":38}}]},"2":{"loc":{"start":{"line":16,"column":4},"end":{"line":25,"column":5}},"type":"if","locations":[{"start":{"line":16,"column":4},"end":{"line":25,"column":5}},{"start":{"line":19,"column":9},"end":{"line":25,"column":5}}]},"3":{"loc":{"start":{"line":16,"column":8},"end":{"line":16,"column":81}},"type":"binary-expr","locations":[{"start":{"line":16,"column":8},"end":{"line":16,"column":40}},{"start":{"line":16,"column":44},"end":{"line":16,"column":80}}]},"4":{"loc":{"start":{"line":48,"column":4},"end":{"line":51,"column":5}},"type":"if","locations":[{"start":{"line":48,"column":4},"end":{"line":51,"column":5}}]},"5":{"loc":{"start":{"line":53,"column":4},"end":{"line":56,"column":5}},"type":"if","locations":[{"start":{"line":53,"column":4},"end":{"line":56,"column":5}}]},"6":{"loc":{"start":{"line":69,"column":4},"end":{"line":72,"column":7}},"type":"if","locations":[{"start":{"line":69,"column":4},"end":{"line":72,"column":7}}]},"7":{"loc":{"start":{"line":74,"column":4},"end":{"line":77,"column":5}},"type":"if","locations":[{"start":{"line":74,"column":4},"end":{"line":77,"column":5}}]},"8":{"loc":{"start":{"line":98,"column":6},"end":{"line":129,"column":7}},"type":"if","locations":[{"start":{"line":98,"column":6},"end":{"line":129,"column":7}},{"start":{"line":100,"column":13},"end":{"line":129,"column":7}}]},"9":{"loc":{"start":{"line":100,"column":13},"end":{"line":129,"column":7}},"type":"if","locations":[{"start":{"line":100,"column":13},"end":{"line":129,"column":7}},{"start":{"line":104,"column":13},"end":{"line":129,"column":7}}]},"10":{"loc":{"start":{"line":109,"column":8},"end":{"line":111,"column":9}},"type":"if","locations":[{"start":{"line":109,"column":8},"end":{"line":111,"column":9}}]},"11":{"loc":{"start":{"line":116,"column":20},"end":{"line":116,"column":45}},"type":"binary-expr","locations":[{"start":{"line":116,"column":20},"end":{"line":116,"column":28}},{"start":{"line":116,"column":32},"end":{"line":116,"column":45}}]},"12":{"loc":{"start":{"line":117,"column":17},"end":{"line":117,"column":36}},"type":"binary-expr","locations":[{"start":{"line":117,"column":17},"end":{"line":117,"column":22}},{"start":{"line":117,"column":26},"end":{"line":117,"column":36}}]},"13":{"loc":{"start":{"line":122,"column":8},"end":{"line":128,"column":9}},"type":"if","locations":[{"start":{"line":122,"column":8},"end":{"line":128,"column":9}},{"start":{"line":125,"column":15},"end":{"line":128,"column":9}}]},"14":{"loc":{"start":{"line":133,"column":6},"end":{"line":138,"column":7}},"type":"if","locations":[{"start":{"line":133,"column":6},"end":{"line":138,"column":7}},{"start":{"line":135,"column":13},"end":{"line":138,"column":7}}]},"15":{"loc":{"start":{"line":133,"column":10},"end":{"line":133,"column":75}},"type":"binary-expr","locations":[{"start":{"line":133,"column":10},"end":{"line":133,"column":23}},{"start":{"line":133,"column":27},"end":{"line":133,"column":75}}]}},"s":{"0":3,"1":3,"2":3,"3":3,"4":5,"5":5,"6":5,"7":3,"8":3,"9":2,"10":2,"11":0,"12":0,"13":2,"14":2,"15":2,"16":2,"17":1,"18":1,"19":1,"20":3,"21":2,"22":2,"23":2,"24":1,"25":1,"26":1,"27":3,"28":7,"29":7,"30":7,"31":7,"32":1,"33":1,"34":6,"35":5,"36":2,"37":2,"38":3,"39":1,"40":1,"41":3,"42":4,"43":4,"44":4,"45":4,"46":1,"47":1,"48":3,"49":2,"50":1,"51":1,"52":1,"53":1,"54":1,"55":3,"56":8,"57":8,"58":8,"59":8,"60":8,"61":8,"62":1,"63":7,"64":1,"65":6,"66":6,"67":1,"68":6,"69":4,"70":1,"71":1,"72":3,"73":2,"74":2,"75":1,"76":1,"77":3},"f":{"0":5,"1":5,"2":2,"3":2,"4":7,"5":7,"6":4,"7":4,"8":8,"9":8},"b":{"0":[3],"1":[5,4,3],"2":[0,2],"3":[2,2],"4":[1],"5":[2],"6":[1],"7":[1],"8":[1,7],"9":[1,6],"10":[1],"11":[6,0],"12":[6,3],"13":[1,3],"14":[1,1],"15":[2,2]}}
,"/workspaces/javascript-node-mongo-2/AdvancedWeb/src/models/comment_model.ts": {"path":"/workspaces/javascript-node-mongo-2/AdvancedWeb/src/models/comment_model.ts","statementMap":{"0":{"start":{"line":1,"column":0},"end":{"line":1,"column":32}},"1":{"start":{"line":3,"column":22},"end":{"line":20,"column":2}},"2":{"start":{"line":22,"column":21},"end":{"line":22,"column":61}},"3":{"start":{"line":24,"column":0},"end":{"line":24,"column":28}}},"fnMap":{},"branchMap":{},"s":{"0":3,"1":3,"2":3,"3":3},"f":{},"b":{}}
,"/workspaces/javascript-node-mongo-2/AdvancedWeb/src/models/post_model.ts": {"path":"/workspaces/javascript-node-mongo-2/AdvancedWeb/src/models/post_model.ts","statementMap":{"0":{"start":{"line":1,"column":0},"end":{"line":1,"column":32}},"1":{"start":{"line":3,"column":19},"end":{"line":16,"column":2}},"2":{"start":{"line":18,"column":18},"end":{"line":18,"column":53}},"3":{"start":{"line":20,"column":0},"end":{"line":20,"column":25}}},"fnMap":{},"branchMap":{},"s":{"0":3,"1":3,"2":3,"3":3},"f":{},"b":{}}
,"/workspaces/javascript-node-mongo-2/AdvancedWeb/src/models/user_model.ts": {"path":"/workspaces/javascript-node-mongo-2/AdvancedWeb/src/models/user_model.ts","statementMap":{"0":{"start":{"line":2,"column":0},"end":{"line":2,"column":32}},"1":{"start":{"line":4,"column":19},"end":{"line":37,"column":2}},"2":{"start":{"line":39,"column":18},"end":{"line":39,"column":53}},"3":{"start":{"line":40,"column":0},"end":{"line":40,"column":25}}},"fnMap":{},"branchMap":{},"s":{"0":3,"1":3,"2":3,"3":3},"f":{},"b":{}}
,"/workspaces/javascript-node-mongo-2/AdvancedWeb/src/routes/auth_route.ts": {"path":"/workspaces/javascript-node-mongo-2/AdvancedWeb/src/routes/auth_route.ts","statementMap":{"0":{"start":{"line":1,"column":0},"end":{"line":1,"column":30}},"1":{"start":{"line":2,"column":18},"end":{"line":2,"column":34}},"2":{"start":{"line":3,"column":0},"end":{"line":3,"column":50}},"3":{"start":{"line":5,"column":0},"end":{"line":5,"column":43}},"4":{"start":{"line":6,"column":0},"end":{"line":6,"column":37}},"5":{"start":{"line":7,"column":0},"end":{"line":7,"column":39}},"6":{"start":{"line":9,"column":0},"end":{"line":9,"column":25}}},"fnMap":{},"branchMap":{},"s":{"0":3,"1":3,"2":3,"3":3,"4":3,"5":3,"6":3},"f":{},"b":{}}
,"/workspaces/javascript-node-mongo-2/AdvancedWeb/src/routes/health_route.ts": {"path":"/workspaces/javascript-node-mongo-2/AdvancedWeb/src/routes/health_route.ts","statementMap":{"0":{"start":{"line":1,"column":0},"end":{"line":1,"column":30}},"1":{"start":{"line":2,"column":20},"end":{"line":2,"column":36}},"2":{"start":{"line":6,"column":0},"end":{"line":12,"column":5}},"3":{"start":{"line":6,"column":58},"end":{"line":12,"column":4}},"4":{"start":{"line":7,"column":4},"end":{"line":11,"column":7}},"5":{"start":{"line":14,"column":0},"end":{"line":14,"column":27}}},"fnMap":{"0":{"name":"(anonymous_8)","decl":{"start":{"line":6,"column":20},"end":{"line":6,"column":27}},"loc":{"start":{"line":6,"column":58},"end":{"line":12,"column":4}}},"1":{"name":"(anonymous_9)","decl":{"start":{"line":6,"column":58},"end":{"line":6,"column":null}},"loc":{"start":{"line":6,"column":58},"end":{"line":12,"column":3}}}},"branchMap":{},"s":{"0":3,"1":3,"2":3,"3":0,"4":0,"5":3},"f":{"0":0,"1":0},"b":{}}
,"/workspaces/javascript-node-mongo-2/AdvancedWeb/src/routes/post_route.ts": {"path":"/workspaces/javascript-node-mongo-2/AdvancedWeb/src/routes/post_route.ts","statementMap":{"0":{"start":{"line":1,"column":0},"end":{"line":1,"column":30}},"1":{"start":{"line":2,"column":19},"end":{"line":2,"column":35}},"2":{"start":{"line":3,"column":0},"end":{"line":3,"column":61}},"3":{"start":{"line":4,"column":0},"end":{"line":4,"column":56}},"4":{"start":{"line":6,"column":0},"end":{"line":6,"column":46}},"5":{"start":{"line":7,"column":0},"end":{"line":7,"column":45}},"6":{"start":{"line":8,"column":0},"end":{"line":8,"column":52}},"7":{"start":{"line":9,"column":0},"end":{"line":9,"column":51}},"8":{"start":{"line":10,"column":0},"end":{"line":10,"column":54}},"9":{"start":{"line":12,"column":0},"end":{"line":12,"column":60}},"10":{"start":{"line":13,"column":0},"end":{"line":13,"column":57}},"11":{"start":{"line":14,"column":0},"end":{"line":14,"column":68}},"12":{"start":{"line":15,"column":0},"end":{"line":15,"column":70}},"13":{"start":{"line":16,"column":0},"end":{"line":16,"column":73}},"14":{"start":{"line":18,"column":0},"end":{"line":18,"column":26}}},"fnMap":{},"branchMap":{},"s":{"0":3,"1":3,"2":3,"3":3,"4":3,"5":3,"6":3,"7":3,"8":3,"9":3,"10":3,"11":3,"12":3,"13":3,"14":3},"f":{},"b":{}}
,"/workspaces/javascript-node-mongo-2/AdvancedWeb/src/routes/user_route.ts": {"path":"/workspaces/javascript-node-mongo-2/AdvancedWeb/src/routes/user_route.ts","statementMap":{"0":{"start":{"line":1,"column":0},"end":{"line":1,"column":30}},"1":{"start":{"line":2,"column":19},"end":{"line":2,"column":35}},"2":{"start":{"line":3,"column":0},"end":{"line":3,"column":60}},"3":{"start":{"line":5,"column":0},"end":{"line":5,"column":45}},"4":{"start":{"line":6,"column":0},"end":{"line":6,"column":45}},"5":{"start":{"line":7,"column":0},"end":{"line":7,"column":51}},"6":{"start":{"line":8,"column":0},"end":{"line":8,"column":50}},"7":{"start":{"line":9,"column":0},"end":{"line":9,"column":53}},"8":{"start":{"line":12,"column":0},"end":{"line":12,"column":26}}},"fnMap":{},"branchMap":{},"s":{"0":3,"1":3,"2":3,"3":3,"4":3,"5":3,"6":3,"7":3,"8":3},"f":{},"b":{}}
}
