{"C:\\Users\\ronel\\OneDrive\\מסמכים\\GitHub\\AdvancedWeb\\src\\server.ts": {"path":"C:\\Users\\ronel\\OneDrive\\מסמכים\\GitHub\\AdvancedWeb\\src\\server.ts","statementMap":{"0":{"start":{"line":2,"column":0},"end":{"line":2,"column":27}},"1":{"start":{"line":3,"column":0},"end":{"line":3,"column":16}},"2":{"start":{"line":4,"column":0},"end":{"line":4,"column":32}},"3":{"start":{"line":5,"column":0},"end":{"line":5,"column":37}},"4":{"start":{"line":6,"column":0},"end":{"line":6,"column":43}},"5":{"start":{"line":7,"column":0},"end":{"line":7,"column":45}},"6":{"start":{"line":8,"column":0},"end":{"line":8,"column":48}},"7":{"start":{"line":9,"column":0},"end":{"line":9,"column":45}},"8":{"start":{"line":11,"column":12},"end":{"line":11,"column":21}},"9":{"start":{"line":12,"column":0},"end":{"line":12,"column":27}},"10":{"start":{"line":13,"column":0},"end":{"line":13,"column":51}},"11":{"start":{"line":15,"column":11},"end":{"line":15,"column":30}},"12":{"start":{"line":16,"column":0},"end":{"line":16,"column":null}},"13":{"start":{"line":16,"column":22},"end":{"line":16,"column":41}},"14":{"start":{"line":17,"column":0},"end":{"line":17,"column":null}},"15":{"start":{"line":17,"column":23},"end":{"line":17,"column":101}},"16":{"start":{"line":20,"column":0},"end":{"line":20,"column":null}},"17":{"start":{"line":21,"column":0},"end":{"line":21,"column":null}},"18":{"start":{"line":22,"column":0},"end":{"line":22,"column":null}},"19":{"start":{"line":24,"column":16},"end":{"line":39,"column":1}},"20":{"start":{"line":25,"column":2},"end":{"line":38,"column":5}},"21":{"start":{"line":26,"column":4},"end":{"line":37,"column":5}},"22":{"start":{"line":27,"column":6},"end":{"line":27,"column":55}},"23":{"start":{"line":29,"column":6},"end":{"line":36,"column":11}},"24":{"start":{"line":32,"column":10},"end":{"line":32,"column":23}},"25":{"start":{"line":35,"column":10},"end":{"line":35,"column":24}},"26":{"start":{"line":41,"column":0},"end":{"line":41,"column":23}}},"fnMap":{"0":{"name":"(anonymous_1)","decl":{"start":{"line":16,"column":14},"end":{"line":16,"column":19}},"loc":{"start":{"line":16,"column":21},"end":{"line":16,"column":41}}},"1":{"name":"(anonymous_2)","decl":{"start":{"line":17,"column":18},"end":{"line":17,"column":20}},"loc":{"start":{"line":17,"column":22},"end":{"line":17,"column":101}}},"2":{"name":"(anonymous_3)","decl":{"start":{"line":24,"column":16},"end":{"line":24,"column":19}},"loc":{"start":{"line":24,"column":21},"end":{"line":39,"column":1}}},"3":{"name":"(anonymous_4)","decl":{"start":{"line":25,"column":30},"end":{"line":25,"column":31}},"loc":{"start":{"line":25,"column":50},"end":{"line":38,"column":3}}},"4":{"name":"(anonymous_5)","decl":{"start":{"line":31,"column":14},"end":{"line":31,"column":17}},"loc":{"start":{"line":31,"column":19},"end":{"line":33,"column":9}}},"5":{"name":"(anonymous_6)","decl":{"start":{"line":34,"column":15},"end":{"line":34,"column":16}},"loc":{"start":{"line":34,"column":25},"end":{"line":36,"column":9}}}},"branchMap":{"0":{"loc":{"start":{"line":26,"column":4},"end":{"line":37,"column":5}},"type":"if","locations":[{"start":{"line":26,"column":4},"end":{"line":37,"column":5}},{"start":{"line":28,"column":11},"end":{"line":37,"column":5}}]}},"s":{"0":3,"1":3,"2":3,"3":3,"4":3,"5":3,"6":3,"7":3,"8":3,"9":3,"10":3,"11":3,"12":3,"13":0,"14":3,"15":3,"16":3,"17":3,"18":3,"19":3,"20":3,"21":3,"22":0,"23":3,"24":3,"25":0,"26":3},"f":{"0":0,"1":3,"2":3,"3":3,"4":3,"5":0},"b":{"0":[0,3]}}
,"C:\\Users\\ronel\\OneDrive\\מסמכים\\GitHub\\AdvancedWeb\\src\\controllers\\comment_controller.ts": {"path":"C:\\Users\\ronel\\OneDrive\\מסמכים\\GitHub\\AdvancedWeb\\src\\controllers\\comment_controller.ts","statementMap":{"0":{"start":{"line":1,"column":0},"end":{"line":1,"column":46}},"1":{"start":{"line":2,"column":0},"end":{"line":2,"column":51}},"2":{"start":{"line":3,"column":0},"end":{"line":3,"column":45}},"3":{"start":{"line":7,"column":22},"end":{"line":23,"column":2}},"4":{"start":{"line":7,"column":60},"end":{"line":23,"column":2}},"5":{"start":{"line":8,"column":21},"end":{"line":8,"column":31}},"6":{"start":{"line":9,"column":15},"end":{"line":9,"column":23}},"7":{"start":{"line":11,"column":2},"end":{"line":22,"column":3}},"8":{"start":{"line":12,"column":17},"end":{"line":12,"column":49}},"9":{"start":{"line":13,"column":4},"end":{"line":19,"column":5}},"10":{"start":{"line":15,"column":6},"end":{"line":15,"column":58}},"11":{"start":{"line":17,"column":27},"end":{"line":17,"column":116}},"12":{"start":{"line":18,"column":6},"end":{"line":18,"column":41}},"13":{"start":{"line":21,"column":4},"end":{"line":21,"column":32}},"14":{"start":{"line":25,"column":20},"end":{"line":53,"column":2}},"15":{"start":{"line":25,"column":58},"end":{"line":53,"column":2}},"16":{"start":{"line":26,"column":32},"end":{"line":26,"column":42}},"17":{"start":{"line":28,"column":2},"end":{"line":52,"column":3}},"18":{"start":{"line":30,"column":17},"end":{"line":30,"column":49}},"19":{"start":{"line":31,"column":4},"end":{"line":48,"column":5}},"20":{"start":{"line":32,"column":6},"end":{"line":45,"column":7}},"21":{"start":{"line":33,"column":8},"end":{"line":33,"column":53}},"22":{"start":{"line":34,"column":8},"end":{"line":39,"column":9}},"23":{"start":{"line":35,"column":8},"end":{"line":35,"column":39}},"24":{"start":{"line":38,"column":10},"end":{"line":38,"column":65}},"25":{"start":{"line":42,"column":8},"end":{"line":42,"column":null}},"26":{"start":{"line":43,"column":8},"end":{"line":43,"column":50}},"27":{"start":{"line":44,"column":8},"end":{"line":44,"column":39}},"28":{"start":{"line":47,"column":6},"end":{"line":47,"column":58}},"29":{"start":{"line":51,"column":4},"end":{"line":51,"column":74}},"30":{"start":{"line":55,"column":22},"end":{"line":72,"column":2}},"31":{"start":{"line":55,"column":60},"end":{"line":72,"column":2}},"32":{"start":{"line":56,"column":24},"end":{"line":56,"column":34}},"33":{"start":{"line":57,"column":22},"end":{"line":57,"column":30}},"34":{"start":{"line":58,"column":2},"end":{"line":71,"column":3}},"35":{"start":{"line":59,"column":20},"end":{"line":59,"column":53}},"36":{"start":{"line":60,"column":4},"end":{"line":67,"column":5}},"37":{"start":{"line":62,"column":6},"end":{"line":62,"column":61}},"38":{"start":{"line":64,"column":6},"end":{"line":64,"column":32}},"39":{"start":{"line":65,"column":29},"end":{"line":65,"column":49}},"40":{"start":{"line":66,"column":6},"end":{"line":66,"column":31}},"41":{"start":{"line":70,"column":4},"end":{"line":70,"column":32}},"42":{"start":{"line":74,"column":22},"end":{"line":89,"column":null}},"43":{"start":{"line":74,"column":60},"end":{"line":89,"column":null}},"44":{"start":{"line":75,"column":24},"end":{"line":75,"column":34}},"45":{"start":{"line":76,"column":2},"end":{"line":88,"column":3}},"46":{"start":{"line":77,"column":20},"end":{"line":77,"column":53}},"47":{"start":{"line":78,"column":4},"end":{"line":84,"column":5}},"48":{"start":{"line":80,"column":6},"end":{"line":80,"column":61}},"49":{"start":{"line":82,"column":6},"end":{"line":82,"column":49}},"50":{"start":{"line":83,"column":6},"end":{"line":83,"column":72}},"51":{"start":{"line":87,"column":4},"end":{"line":87,"column":32}},"52":{"start":{"line":93,"column":0},"end":{"line":93,"column":76}}},"fnMap":{"0":{"name":"(anonymous_8)","decl":{"start":{"line":7,"column":22},"end":{"line":7,"column":29}},"loc":{"start":{"line":7,"column":60},"end":{"line":23,"column":2}}},"1":{"name":"(anonymous_9)","decl":{"start":{"line":7,"column":60},"end":{"line":7,"column":null}},"loc":{"start":{"line":7,"column":60},"end":{"line":23,"column":1}}},"2":{"name":"(anonymous_10)","decl":{"start":{"line":25,"column":20},"end":{"line":25,"column":27}},"loc":{"start":{"line":25,"column":58},"end":{"line":53,"column":2}}},"3":{"name":"(anonymous_11)","decl":{"start":{"line":25,"column":58},"end":{"line":25,"column":null}},"loc":{"start":{"line":25,"column":58},"end":{"line":53,"column":1}}},"4":{"name":"(anonymous_12)","decl":{"start":{"line":55,"column":22},"end":{"line":55,"column":29}},"loc":{"start":{"line":55,"column":60},"end":{"line":72,"column":2}}},"5":{"name":"(anonymous_13)","decl":{"start":{"line":55,"column":60},"end":{"line":55,"column":null}},"loc":{"start":{"line":55,"column":60},"end":{"line":72,"column":1}}},"6":{"name":"(anonymous_14)","decl":{"start":{"line":74,"column":22},"end":{"line":74,"column":29}},"loc":{"start":{"line":74,"column":60},"end":{"line":89,"column":null}}},"7":{"name":"(anonymous_15)","decl":{"start":{"line":74,"column":60},"end":{"line":74,"column":null}},"loc":{"start":{"line":74,"column":60},"end":{"line":89,"column":1}}}},"branchMap":{"0":{"loc":{"start":{"line":13,"column":4},"end":{"line":19,"column":5}},"type":"if","locations":[{"start":{"line":13,"column":4},"end":{"line":19,"column":5}},{"start":{"line":16,"column":11},"end":{"line":19,"column":5}}]},"1":{"loc":{"start":{"line":31,"column":4},"end":{"line":48,"column":5}},"type":"if","locations":[{"start":{"line":31,"column":4},"end":{"line":48,"column":5}},{"start":{"line":46,"column":11},"end":{"line":48,"column":5}}]},"2":{"loc":{"start":{"line":31,"column":8},"end":{"line":31,"column":22}},"type":"binary-expr","locations":[{"start":{"line":31,"column":8},"end":{"line":31,"column":14}},{"start":{"line":31,"column":18},"end":{"line":31,"column":22}}]},"3":{"loc":{"start":{"line":32,"column":6},"end":{"line":45,"column":7}},"type":"if","locations":[{"start":{"line":32,"column":6},"end":{"line":45,"column":7}},{"start":{"line":41,"column":11},"end":{"line":45,"column":7}}]},"4":{"loc":{"start":{"line":34,"column":8},"end":{"line":39,"column":9}},"type":"if","locations":[{"start":{"line":34,"column":8},"end":{"line":39,"column":9}},{"start":{"line":37,"column":12},"end":{"line":39,"column":9}}]},"5":{"loc":{"start":{"line":60,"column":4},"end":{"line":67,"column":5}},"type":"if","locations":[{"start":{"line":60,"column":4},"end":{"line":67,"column":5}},{"start":{"line":63,"column":11},"end":{"line":67,"column":5}}]},"6":{"loc":{"start":{"line":78,"column":4},"end":{"line":84,"column":5}},"type":"if","locations":[{"start":{"line":78,"column":4},"end":{"line":84,"column":5}},{"start":{"line":81,"column":11},"end":{"line":84,"column":5}}]}},"s":{"0":3,"1":3,"2":3,"3":3,"4":3,"5":3,"6":3,"7":3,"8":3,"9":3,"10":1,"11":2,"12":1,"13":1,"14":3,"15":7,"16":7,"17":7,"18":7,"19":6,"20":5,"21":2,"22":2,"23":1,"24":1,"25":3,"26":3,"27":3,"28":1,"29":1,"30":3,"31":3,"32":3,"33":3,"34":3,"35":3,"36":3,"37":1,"38":2,"39":2,"40":1,"41":1,"42":3,"43":3,"44":3,"45":3,"46":3,"47":2,"48":1,"49":1,"50":1,"51":1,"52":3},"f":{"0":3,"1":3,"2":7,"3":7,"4":3,"5":3,"6":3,"7":3},"b":{"0":[1,2],"1":[5,1],"2":[6,6],"3":[2,3],"4":[1,1],"5":[1,2],"6":[1,1]}}
,"C:\\Users\\ronel\\OneDrive\\מסמכים\\GitHub\\AdvancedWeb\\src\\controllers\\post_controller.ts": {"path":"C:\\Users\\ronel\\OneDrive\\מסמכים\\GitHub\\AdvancedWeb\\src\\controllers\\post_controller.ts","statementMap":{"0":{"start":{"line":1,"column":0},"end":{"line":1,"column":45}},"1":{"start":{"line":4,"column":16},"end":{"line":12,"column":2}},"2":{"start":{"line":4,"column":54},"end":{"line":12,"column":2}},"3":{"start":{"line":5,"column":19},"end":{"line":5,"column":27}},"4":{"start":{"line":6,"column":2},"end":{"line":11,"column":3}},"5":{"start":{"line":7,"column":17},"end":{"line":7,"column":49}},"6":{"start":{"line":8,"column":4},"end":{"line":8,"column":31}},"7":{"start":{"line":10,"column":4},"end":{"line":10,"column":32}},"8":{"start":{"line":14,"column":16},"end":{"line":27,"column":2}},"9":{"start":{"line":14,"column":54},"end":{"line":27,"column":2}},"10":{"start":{"line":15,"column":17},"end":{"line":15,"column":33}},"11":{"start":{"line":16,"column":2},"end":{"line":26,"column":3}},"12":{"start":{"line":17,"column":4},"end":{"line":23,"column":5}},"13":{"start":{"line":18,"column":20},"end":{"line":18,"column":60}},"14":{"start":{"line":19,"column":6},"end":{"line":19,"column":22}},"15":{"start":{"line":20,"column":11},"end":{"line":23,"column":5}},"16":{"start":{"line":21,"column":20},"end":{"line":21,"column":42}},"17":{"start":{"line":22,"column":6},"end":{"line":22,"column":22}},"18":{"start":{"line":25,"column":4},"end":{"line":25,"column":32}},"19":{"start":{"line":29,"column":20},"end":{"line":42,"column":2}},"20":{"start":{"line":29,"column":58},"end":{"line":42,"column":2}},"21":{"start":{"line":30,"column":17},"end":{"line":30,"column":30}},"22":{"start":{"line":32,"column":2},"end":{"line":41,"column":3}},"23":{"start":{"line":33,"column":17},"end":{"line":33,"column":49}},"24":{"start":{"line":34,"column":4},"end":{"line":38,"column":5}},"25":{"start":{"line":35,"column":6},"end":{"line":35,"column":21}},"26":{"start":{"line":37,"column":6},"end":{"line":37,"column":45}},"27":{"start":{"line":40,"column":4},"end":{"line":40,"column":32}},"28":{"start":{"line":44,"column":19},"end":{"line":52,"column":2}},"29":{"start":{"line":44,"column":57},"end":{"line":52,"column":2}},"30":{"start":{"line":45,"column":17},"end":{"line":45,"column":30}},"31":{"start":{"line":46,"column":2},"end":{"line":51,"column":3}},"32":{"start":{"line":47,"column":15},"end":{"line":47,"column":56}},"33":{"start":{"line":48,"column":4},"end":{"line":48,"column":29}},"34":{"start":{"line":50,"column":4},"end":{"line":50,"column":32}},"35":{"start":{"line":54,"column":19},"end":{"line":70,"column":2}},"36":{"start":{"line":54,"column":57},"end":{"line":70,"column":2}},"37":{"start":{"line":55,"column":13},"end":{"line":55,"column":26}},"38":{"start":{"line":56,"column":15},"end":{"line":56,"column":23}},"39":{"start":{"line":58,"column":2},"end":{"line":69,"column":3}},"40":{"start":{"line":59,"column":17},"end":{"line":59,"column":45}},"41":{"start":{"line":60,"column":4},"end":{"line":66,"column":5}},"42":{"start":{"line":61,"column":6},"end":{"line":61,"column":58}},"43":{"start":{"line":64,"column":26},"end":{"line":64,"column":128}},"44":{"start":{"line":65,"column":6},"end":{"line":65,"column":40}},"45":{"start":{"line":68,"column":4},"end":{"line":68,"column":32}},"46":{"start":{"line":72,"column":0},"end":{"line":72,"column":75}}},"fnMap":{"0":{"name":"(anonymous_8)","decl":{"start":{"line":4,"column":16},"end":{"line":4,"column":23}},"loc":{"start":{"line":4,"column":54},"end":{"line":12,"column":2}}},"1":{"name":"(anonymous_9)","decl":{"start":{"line":4,"column":54},"end":{"line":4,"column":null}},"loc":{"start":{"line":4,"column":54},"end":{"line":12,"column":1}}},"2":{"name":"(anonymous_10)","decl":{"start":{"line":14,"column":16},"end":{"line":14,"column":23}},"loc":{"start":{"line":14,"column":54},"end":{"line":27,"column":2}}},"3":{"name":"(anonymous_11)","decl":{"start":{"line":14,"column":54},"end":{"line":14,"column":null}},"loc":{"start":{"line":14,"column":54},"end":{"line":27,"column":1}}},"4":{"name":"(anonymous_12)","decl":{"start":{"line":29,"column":20},"end":{"line":29,"column":27}},"loc":{"start":{"line":29,"column":58},"end":{"line":42,"column":2}}},"5":{"name":"(anonymous_13)","decl":{"start":{"line":29,"column":58},"end":{"line":29,"column":null}},"loc":{"start":{"line":29,"column":58},"end":{"line":42,"column":1}}},"6":{"name":"(anonymous_14)","decl":{"start":{"line":44,"column":19},"end":{"line":44,"column":26}},"loc":{"start":{"line":44,"column":57},"end":{"line":52,"column":2}}},"7":{"name":"(anonymous_15)","decl":{"start":{"line":44,"column":57},"end":{"line":44,"column":null}},"loc":{"start":{"line":44,"column":57},"end":{"line":52,"column":1}}},"8":{"name":"(anonymous_16)","decl":{"start":{"line":54,"column":19},"end":{"line":54,"column":26}},"loc":{"start":{"line":54,"column":57},"end":{"line":70,"column":2}}},"9":{"name":"(anonymous_17)","decl":{"start":{"line":54,"column":57},"end":{"line":54,"column":null}},"loc":{"start":{"line":54,"column":57},"end":{"line":70,"column":1}}}},"branchMap":{"0":{"loc":{"start":{"line":17,"column":4},"end":{"line":23,"column":5}},"type":"if","locations":[{"start":{"line":17,"column":4},"end":{"line":23,"column":5}},{"start":{"line":20,"column":11},"end":{"line":23,"column":5}}]},"1":{"loc":{"start":{"line":20,"column":11},"end":{"line":23,"column":5}},"type":"if","locations":[{"start":{"line":20,"column":11},"end":{"line":23,"column":5}}]},"2":{"loc":{"start":{"line":34,"column":4},"end":{"line":38,"column":5}},"type":"if","locations":[{"start":{"line":34,"column":4},"end":{"line":38,"column":5}},{"start":{"line":36,"column":11},"end":{"line":38,"column":5}}]},"3":{"loc":{"start":{"line":60,"column":4},"end":{"line":66,"column":5}},"type":"if","locations":[{"start":{"line":60,"column":4},"end":{"line":66,"column":5}},{"start":{"line":63,"column":8},"end":{"line":66,"column":5}}]}},"s":{"0":3,"1":3,"2":6,"3":6,"4":6,"5":6,"6":5,"7":1,"8":3,"9":4,"10":4,"11":4,"12":4,"13":1,"14":1,"15":3,"16":3,"17":3,"18":0,"19":3,"20":3,"21":3,"22":3,"23":3,"24":3,"25":2,"26":1,"27":0,"28":3,"29":1,"30":1,"31":1,"32":1,"33":1,"34":0,"35":3,"36":1,"37":1,"38":1,"39":1,"40":1,"41":1,"42":0,"43":1,"44":1,"45":0,"46":3},"f":{"0":6,"1":6,"2":4,"3":4,"4":3,"5":3,"6":1,"7":1,"8":1,"9":1},"b":{"0":[1,3],"1":[3],"2":[2,1],"3":[0,1]}}
,"C:\\Users\\ronel\\OneDrive\\מסמכים\\GitHub\\AdvancedWeb\\src\\controllers\\user_controller.ts": {"path":"C:\\Users\\ronel\\OneDrive\\מסמכים\\GitHub\\AdvancedWeb\\src\\controllers\\user_controller.ts","statementMap":{"0":{"start":{"line":1,"column":0},"end":{"line":1,"column":45}},"1":{"start":{"line":3,"column":0},"end":{"line":3,"column":32}},"2":{"start":{"line":5,"column":16},"end":{"line":22,"column":2}},"3":{"start":{"line":5,"column":54},"end":{"line":22,"column":2}},"4":{"start":{"line":6,"column":46},"end":{"line":6,"column":54}},"5":{"start":{"line":9,"column":2},"end":{"line":12,"column":3}},"6":{"start":{"line":10,"column":4},"end":{"line":10,"column":84}},"7":{"start":{"line":11,"column":4},"end":{"line":11,"column":11}},"8":{"start":{"line":14,"column":2},"end":{"line":21,"column":3}},"9":{"start":{"line":15,"column":17},"end":{"line":15,"column":67}},"10":{"start":{"line":16,"column":4},"end":{"line":16,"column":22}},"11":{"start":{"line":17,"column":4},"end":{"line":17,"column":31}},"12":{"start":{"line":19,"column":4},"end":{"line":19,"column":25}},"13":{"start":{"line":20,"column":4},"end":{"line":20,"column":83}},"14":{"start":{"line":25,"column":17},"end":{"line":33,"column":2}},"15":{"start":{"line":25,"column":55},"end":{"line":33,"column":2}},"16":{"start":{"line":26,"column":2},"end":{"line":32,"column":3}},"17":{"start":{"line":27,"column":18},"end":{"line":27,"column":40}},"18":{"start":{"line":28,"column":4},"end":{"line":28,"column":32}},"19":{"start":{"line":30,"column":4},"end":{"line":30,"column":25}},"20":{"start":{"line":31,"column":4},"end":{"line":31,"column":84}},"21":{"start":{"line":36,"column":20},"end":{"line":54,"column":2}},"22":{"start":{"line":36,"column":58},"end":{"line":54,"column":2}},"23":{"start":{"line":37,"column":17},"end":{"line":37,"column":27}},"24":{"start":{"line":39,"column":2},"end":{"line":53,"column":3}},"25":{"start":{"line":40,"column":4},"end":{"line":43,"column":5}},"26":{"start":{"line":41,"column":8},"end":{"line":41,"column":68}},"27":{"start":{"line":42,"column":8},"end":{"line":42,"column":15}},"28":{"start":{"line":44,"column":17},"end":{"line":44,"column":45}},"29":{"start":{"line":45,"column":4},"end":{"line":48,"column":5}},"30":{"start":{"line":46,"column":6},"end":{"line":46,"column":58}},"31":{"start":{"line":47,"column":6},"end":{"line":47,"column":13}},"32":{"start":{"line":49,"column":4},"end":{"line":49,"column":31}},"33":{"start":{"line":51,"column":4},"end":{"line":51,"column":25}},"34":{"start":{"line":52,"column":4},"end":{"line":52,"column":83}},"35":{"start":{"line":57,"column":19},"end":{"line":75,"column":2}},"36":{"start":{"line":57,"column":57},"end":{"line":75,"column":2}},"37":{"start":{"line":58,"column":17},"end":{"line":58,"column":27}},"38":{"start":{"line":60,"column":2},"end":{"line":74,"column":3}},"39":{"start":{"line":61,"column":4},"end":{"line":64,"column":7}},"40":{"start":{"line":62,"column":9},"end":{"line":62,"column":69}},"41":{"start":{"line":63,"column":9},"end":{"line":63,"column":16}},"42":{"start":{"line":65,"column":24},"end":{"line":65,"column":61}},"43":{"start":{"line":66,"column":4},"end":{"line":69,"column":5}},"44":{"start":{"line":67,"column":6},"end":{"line":67,"column":58}},"45":{"start":{"line":68,"column":6},"end":{"line":68,"column":13}},"46":{"start":{"line":70,"column":4},"end":{"line":70,"column":27}},"47":{"start":{"line":72,"column":4},"end":{"line":72,"column":25}},"48":{"start":{"line":73,"column":3},"end":{"line":73,"column":82}},"49":{"start":{"line":78,"column":19},"end":{"line":136,"column":4}},"50":{"start":{"line":78,"column":57},"end":{"line":136,"column":4}},"51":{"start":{"line":79,"column":19},"end":{"line":79,"column":29}},"52":{"start":{"line":85,"column":8},"end":{"line":85,"column":16}},"53":{"start":{"line":87,"column":4},"end":{"line":135,"column":5}},"54":{"start":{"line":89,"column":19},"end":{"line":89,"column":47}},"55":{"start":{"line":90,"column":6},"end":{"line":125,"column":7}},"56":{"start":{"line":91,"column":8},"end":{"line":91,"column":60}},"57":{"start":{"line":92,"column":13},"end":{"line":125,"column":7}},"58":{"start":{"line":93,"column":8},"end":{"line":95,"column":11}},"59":{"start":{"line":103,"column":13},"end":{"line":107,"column":10}},"60":{"start":{"line":110,"column":8},"end":{"line":112,"column":9}},"61":{"start":{"line":111,"column":10},"end":{"line":111,"column":46}},"62":{"start":{"line":115,"column":28},"end":{"line":115,"column":97}},"63":{"start":{"line":118,"column":8},"end":{"line":124,"column":9}},"64":{"start":{"line":119,"column":10},"end":{"line":119,"column":69}},"65":{"start":{"line":120,"column":10},"end":{"line":120,"column":17}},"66":{"start":{"line":123,"column":10},"end":{"line":123,"column":44}},"67":{"start":{"line":127,"column":6},"end":{"line":127,"column":27}},"68":{"start":{"line":129,"column":6},"end":{"line":134,"column":7}},"69":{"start":{"line":130,"column":8},"end":{"line":130,"column":67}},"70":{"start":{"line":133,"column":8},"end":{"line":133,"column":87}},"71":{"start":{"line":140,"column":0},"end":{"line":140,"column":74}}},"fnMap":{"0":{"name":"(anonymous_8)","decl":{"start":{"line":5,"column":16},"end":{"line":5,"column":23}},"loc":{"start":{"line":5,"column":54},"end":{"line":22,"column":2}}},"1":{"name":"(anonymous_9)","decl":{"start":{"line":5,"column":54},"end":{"line":5,"column":null}},"loc":{"start":{"line":5,"column":54},"end":{"line":22,"column":1}}},"2":{"name":"(anonymous_10)","decl":{"start":{"line":25,"column":17},"end":{"line":25,"column":24}},"loc":{"start":{"line":25,"column":55},"end":{"line":33,"column":2}}},"3":{"name":"(anonymous_11)","decl":{"start":{"line":25,"column":55},"end":{"line":25,"column":null}},"loc":{"start":{"line":25,"column":55},"end":{"line":33,"column":1}}},"4":{"name":"(anonymous_12)","decl":{"start":{"line":36,"column":20},"end":{"line":36,"column":27}},"loc":{"start":{"line":36,"column":58},"end":{"line":54,"column":2}}},"5":{"name":"(anonymous_13)","decl":{"start":{"line":36,"column":58},"end":{"line":36,"column":null}},"loc":{"start":{"line":36,"column":58},"end":{"line":54,"column":1}}},"6":{"name":"(anonymous_14)","decl":{"start":{"line":57,"column":19},"end":{"line":57,"column":26}},"loc":{"start":{"line":57,"column":57},"end":{"line":75,"column":2}}},"7":{"name":"(anonymous_15)","decl":{"start":{"line":57,"column":57},"end":{"line":57,"column":null}},"loc":{"start":{"line":57,"column":57},"end":{"line":75,"column":1}}},"8":{"name":"(anonymous_16)","decl":{"start":{"line":78,"column":19},"end":{"line":78,"column":26}},"loc":{"start":{"line":78,"column":57},"end":{"line":136,"column":4}}},"9":{"name":"(anonymous_17)","decl":{"start":{"line":78,"column":57},"end":{"line":78,"column":null}},"loc":{"start":{"line":78,"column":57},"end":{"line":136,"column":3}}}},"branchMap":{"0":{"loc":{"start":{"line":9,"column":2},"end":{"line":12,"column":3}},"type":"if","locations":[{"start":{"line":9,"column":2},"end":{"line":12,"column":3}}]},"1":{"loc":{"start":{"line":9,"column":6},"end":{"line":9,"column":38}},"type":"binary-expr","locations":[{"start":{"line":9,"column":6},"end":{"line":9,"column":15}},{"start":{"line":9,"column":19},"end":{"line":9,"column":25}},{"start":{"line":9,"column":29},"end":{"line":9,"column":38}}]},"2":{"loc":{"start":{"line":40,"column":4},"end":{"line":43,"column":5}},"type":"if","locations":[{"start":{"line":40,"column":4},"end":{"line":43,"column":5}}]},"3":{"loc":{"start":{"line":45,"column":4},"end":{"line":48,"column":5}},"type":"if","locations":[{"start":{"line":45,"column":4},"end":{"line":48,"column":5}}]},"4":{"loc":{"start":{"line":61,"column":4},"end":{"line":64,"column":7}},"type":"if","locations":[{"start":{"line":61,"column":4},"end":{"line":64,"column":7}}]},"5":{"loc":{"start":{"line":66,"column":4},"end":{"line":69,"column":5}},"type":"if","locations":[{"start":{"line":66,"column":4},"end":{"line":69,"column":5}}]},"6":{"loc":{"start":{"line":90,"column":6},"end":{"line":125,"column":7}},"type":"if","locations":[{"start":{"line":90,"column":6},"end":{"line":125,"column":7}},{"start":{"line":92,"column":13},"end":{"line":125,"column":7}}]},"7":{"loc":{"start":{"line":92,"column":13},"end":{"line":125,"column":7}},"type":"if","locations":[{"start":{"line":92,"column":13},"end":{"line":125,"column":7}},{"start":{"line":96,"column":13},"end":{"line":125,"column":7}}]},"8":{"loc":{"start":{"line":104,"column":20},"end":{"line":104,"column":45}},"type":"binary-expr","locations":[{"start":{"line":104,"column":20},"end":{"line":104,"column":28}},{"start":{"line":104,"column":32},"end":{"line":104,"column":45}}]},"9":{"loc":{"start":{"line":105,"column":17},"end":{"line":105,"column":36}},"type":"binary-expr","locations":[{"start":{"line":105,"column":17},"end":{"line":105,"column":22}},{"start":{"line":105,"column":26},"end":{"line":105,"column":36}}]},"10":{"loc":{"start":{"line":106,"column":16},"end":{"line":106,"column":33}},"type":"binary-expr","locations":[{"start":{"line":106,"column":16},"end":{"line":106,"column":20}},{"start":{"line":106,"column":24},"end":{"line":106,"column":33}}]},"11":{"loc":{"start":{"line":110,"column":8},"end":{"line":112,"column":9}},"type":"if","locations":[{"start":{"line":110,"column":8},"end":{"line":112,"column":9}}]},"12":{"loc":{"start":{"line":118,"column":8},"end":{"line":124,"column":9}},"type":"if","locations":[{"start":{"line":118,"column":8},"end":{"line":124,"column":9}},{"start":{"line":121,"column":15},"end":{"line":124,"column":9}}]},"13":{"loc":{"start":{"line":129,"column":6},"end":{"line":134,"column":7}},"type":"if","locations":[{"start":{"line":129,"column":6},"end":{"line":134,"column":7}},{"start":{"line":131,"column":13},"end":{"line":134,"column":7}}]},"14":{"loc":{"start":{"line":129,"column":10},"end":{"line":129,"column":75}},"type":"binary-expr","locations":[{"start":{"line":129,"column":10},"end":{"line":129,"column":23}},{"start":{"line":129,"column":27},"end":{"line":129,"column":75}}]}},"s":{"0":3,"1":3,"2":3,"3":5,"4":5,"5":5,"6":3,"7":3,"8":2,"9":2,"10":2,"11":1,"12":1,"13":1,"14":3,"15":2,"16":2,"17":2,"18":1,"19":1,"20":1,"21":3,"22":7,"23":7,"24":7,"25":7,"26":1,"27":1,"28":6,"29":5,"30":2,"31":2,"32":3,"33":1,"34":1,"35":3,"36":4,"37":4,"38":4,"39":4,"40":1,"41":1,"42":3,"43":2,"44":1,"45":1,"46":1,"47":1,"48":1,"49":3,"50":8,"51":8,"52":8,"53":8,"54":8,"55":8,"56":1,"57":7,"58":1,"59":6,"60":6,"61":1,"62":6,"63":4,"64":1,"65":1,"66":3,"67":2,"68":2,"69":1,"70":1,"71":3},"f":{"0":5,"1":5,"2":2,"3":2,"4":7,"5":7,"6":4,"7":4,"8":8,"9":8},"b":{"0":[3],"1":[5,4,3],"2":[1],"3":[2],"4":[1],"5":[1],"6":[1,7],"7":[1,6],"8":[6,0],"9":[6,3],"10":[6,6],"11":[1],"12":[1,3],"13":[1,1],"14":[2,2]}}
,"C:\\Users\\ronel\\OneDrive\\מסמכים\\GitHub\\AdvancedWeb\\src\\models\\comment_model.ts": {"path":"C:\\Users\\ronel\\OneDrive\\מסמכים\\GitHub\\AdvancedWeb\\src\\models\\comment_model.ts","statementMap":{"0":{"start":{"line":1,"column":0},"end":{"line":1,"column":32}},"1":{"start":{"line":3,"column":22},"end":{"line":20,"column":2}},"2":{"start":{"line":22,"column":21},"end":{"line":22,"column":61}},"3":{"start":{"line":24,"column":0},"end":{"line":24,"column":28}}},"fnMap":{},"branchMap":{},"s":{"0":3,"1":3,"2":3,"3":3},"f":{},"b":{}}
,"C:\\Users\\ronel\\OneDrive\\מסמכים\\GitHub\\AdvancedWeb\\src\\models\\post_model.ts": {"path":"C:\\Users\\ronel\\OneDrive\\מסמכים\\GitHub\\AdvancedWeb\\src\\models\\post_model.ts","statementMap":{"0":{"start":{"line":1,"column":0},"end":{"line":1,"column":32}},"1":{"start":{"line":3,"column":19},"end":{"line":16,"column":2}},"2":{"start":{"line":18,"column":18},"end":{"line":18,"column":53}},"3":{"start":{"line":20,"column":0},"end":{"line":20,"column":25}}},"fnMap":{},"branchMap":{},"s":{"0":3,"1":3,"2":3,"3":3},"f":{},"b":{}}
,"C:\\Users\\ronel\\OneDrive\\מסמכים\\GitHub\\AdvancedWeb\\src\\models\\user_model.ts": {"path":"C:\\Users\\ronel\\OneDrive\\מסמכים\\GitHub\\AdvancedWeb\\src\\models\\user_model.ts","statementMap":{"0":{"start":{"line":2,"column":0},"end":{"line":2,"column":61}},"1":{"start":{"line":3,"column":0},"end":{"line":3,"column":28}},"2":{"start":{"line":17,"column":34},"end":{"line":24,"column":null}},"3":{"start":{"line":28,"column":0},"end":{"line":38,"column":3}},"4":{"start":{"line":29,"column":2},"end":{"line":29,"column":50}},"5":{"start":{"line":29,"column":36},"end":{"line":29,"column":50}},"6":{"start":{"line":31,"column":2},"end":{"line":37,"column":3}},"7":{"start":{"line":32,"column":17},"end":{"line":32,"column":41}},"8":{"start":{"line":33,"column":4},"end":{"line":33,"column":59}},"9":{"start":{"line":34,"column":4},"end":{"line":34,"column":11}},"10":{"start":{"line":36,"column":4},"end":{"line":36,"column":14}},"11":{"start":{"line":41,"column":0},"end":{"line":45,"column":2}},"12":{"start":{"line":44,"column":2},"end":{"line":44,"column":58}},"13":{"start":{"line":47,"column":32},"end":{"line":47,"column":73}},"14":{"start":{"line":48,"column":0},"end":{"line":48,"column":25}}},"fnMap":{"0":{"name":"(anonymous_8)","decl":{"start":{"line":28,"column":30},"end":{"line":28,"column":46}},"loc":{"start":{"line":28,"column":50},"end":{"line":38,"column":2}}},"1":{"name":"(anonymous_10)","decl":{"start":{"line":41,"column":37},"end":{"line":41,"column":null}},"loc":{"start":{"line":42,"column":27},"end":{"line":45,"column":2}}}},"branchMap":{"0":{"loc":{"start":{"line":29,"column":2},"end":{"line":29,"column":50}},"type":"if","locations":[{"start":{"line":29,"column":2},"end":{"line":29,"column":50}}]}},"s":{"0":3,"1":3,"2":3,"3":3,"4":1,"5":0,"6":1,"7":1,"8":1,"9":1,"10":0,"11":3,"12":0,"13":3,"14":3},"f":{"0":1,"1":0},"b":{"0":[0]}}
,"C:\\Users\\ronel\\OneDrive\\מסמכים\\GitHub\\AdvancedWeb\\src\\routes\\health_route.ts": {"path":"C:\\Users\\ronel\\OneDrive\\מסמכים\\GitHub\\AdvancedWeb\\src\\routes\\health_route.ts","statementMap":{"0":{"start":{"line":1,"column":0},"end":{"line":1,"column":30}},"1":{"start":{"line":2,"column":20},"end":{"line":2,"column":36}},"2":{"start":{"line":6,"column":0},"end":{"line":12,"column":5}},"3":{"start":{"line":6,"column":58},"end":{"line":12,"column":4}},"4":{"start":{"line":7,"column":4},"end":{"line":11,"column":7}},"5":{"start":{"line":14,"column":0},"end":{"line":14,"column":27}}},"fnMap":{"0":{"name":"(anonymous_8)","decl":{"start":{"line":6,"column":20},"end":{"line":6,"column":27}},"loc":{"start":{"line":6,"column":58},"end":{"line":12,"column":4}}},"1":{"name":"(anonymous_9)","decl":{"start":{"line":6,"column":58},"end":{"line":6,"column":null}},"loc":{"start":{"line":6,"column":58},"end":{"line":12,"column":3}}}},"branchMap":{},"s":{"0":3,"1":3,"2":3,"3":0,"4":0,"5":3},"f":{"0":0,"1":0},"b":{}}
,"C:\\Users\\ronel\\OneDrive\\מסמכים\\GitHub\\AdvancedWeb\\src\\routes\\post_route.ts": {"path":"C:\\Users\\ronel\\OneDrive\\מסמכים\\GitHub\\AdvancedWeb\\src\\routes\\post_route.ts","statementMap":{"0":{"start":{"line":1,"column":0},"end":{"line":1,"column":30}},"1":{"start":{"line":2,"column":19},"end":{"line":2,"column":35}},"2":{"start":{"line":3,"column":0},"end":{"line":3,"column":61}},"3":{"start":{"line":4,"column":0},"end":{"line":4,"column":56}},"4":{"start":{"line":6,"column":0},"end":{"line":6,"column":46}},"5":{"start":{"line":7,"column":0},"end":{"line":7,"column":45}},"6":{"start":{"line":8,"column":0},"end":{"line":8,"column":52}},"7":{"start":{"line":9,"column":0},"end":{"line":9,"column":51}},"8":{"start":{"line":10,"column":0},"end":{"line":10,"column":54}},"9":{"start":{"line":12,"column":0},"end":{"line":12,"column":60}},"10":{"start":{"line":13,"column":0},"end":{"line":13,"column":57}},"11":{"start":{"line":14,"column":0},"end":{"line":14,"column":68}},"12":{"start":{"line":15,"column":0},"end":{"line":15,"column":70}},"13":{"start":{"line":16,"column":0},"end":{"line":16,"column":73}},"14":{"start":{"line":18,"column":0},"end":{"line":18,"column":26}}},"fnMap":{},"branchMap":{},"s":{"0":3,"1":3,"2":3,"3":3,"4":3,"5":3,"6":3,"7":3,"8":3,"9":3,"10":3,"11":3,"12":3,"13":3,"14":3},"f":{},"b":{}}
,"C:\\Users\\ronel\\OneDrive\\מסמכים\\GitHub\\AdvancedWeb\\src\\routes\\user_route.ts": {"path":"C:\\Users\\ronel\\OneDrive\\מסמכים\\GitHub\\AdvancedWeb\\src\\routes\\user_route.ts","statementMap":{"0":{"start":{"line":1,"column":0},"end":{"line":1,"column":30}},"1":{"start":{"line":2,"column":19},"end":{"line":2,"column":35}},"2":{"start":{"line":3,"column":0},"end":{"line":3,"column":60}},"3":{"start":{"line":5,"column":0},"end":{"line":5,"column":45}},"4":{"start":{"line":6,"column":0},"end":{"line":6,"column":45}},"5":{"start":{"line":7,"column":0},"end":{"line":7,"column":51}},"6":{"start":{"line":8,"column":0},"end":{"line":8,"column":50}},"7":{"start":{"line":9,"column":0},"end":{"line":9,"column":53}},"8":{"start":{"line":12,"column":0},"end":{"line":12,"column":26}}},"fnMap":{},"branchMap":{},"s":{"0":3,"1":3,"2":3,"3":3,"4":3,"5":3,"6":3,"7":3,"8":3},"f":{},"b":{}}
}
