TN:
SF:src/server.ts
FN:15,(anonymous_1)
FN:16,(anonymous_2)
FN:22,(anonymous_3)
FN:23,(anonymous_4)
FN:29,(anonymous_5)
FN:32,(anonymous_6)
FNF:6
FNH:4
FNDA:0,(anonymous_1)
FNDA:2,(anonymous_2)
FNDA:2,(anonymous_3)
FNDA:2,(anonymous_4)
FNDA:2,(anonymous_5)
FNDA:0,(anonymous_6)
DA:2,2
DA:3,2
DA:4,2
DA:5,2
DA:6,2
DA:7,2
DA:8,2
DA:10,2
DA:11,2
DA:12,2
DA:14,2
DA:15,2
DA:16,2
DA:19,2
DA:20,2
DA:22,2
DA:23,2
DA:24,2
DA:25,0
DA:27,2
DA:30,2
DA:33,0
DA:39,2
LF:23
LH:21
BRDA:24,0,0,0
BRDA:24,0,1,2
BRF:2
BRH:1
end_of_record
TN:
SF:src/controllers/comment_controller.ts
FN:7,(anonymous_8)
FN:7,(anonymous_9)
FN:25,(anonymous_10)
FN:25,(anonymous_11)
FN:55,(anonymous_12)
FN:55,(anonymous_13)
FN:74,(anonymous_14)
FN:74,(anonymous_15)
FNF:8
FNH:8
FNDA:3,(anonymous_8)
FNDA:3,(anonymous_9)
FNDA:7,(anonymous_10)
FNDA:7,(anonymous_11)
FNDA:3,(anonymous_12)
FNDA:3,(anonymous_13)
FNDA:3,(anonymous_14)
FNDA:3,(anonymous_15)
DA:1,2
DA:2,2
DA:3,2
DA:7,3
DA:8,3
DA:9,3
DA:11,3
DA:12,3
DA:13,3
DA:15,1
DA:17,2
DA:18,1
DA:21,1
DA:25,7
DA:26,7
DA:28,7
DA:30,7
DA:31,6
DA:32,5
DA:33,2
DA:34,2
DA:35,1
DA:38,1
DA:42,3
DA:43,3
DA:44,3
DA:47,1
DA:51,1
DA:55,3
DA:56,3
DA:57,3
DA:58,3
DA:59,3
DA:60,3
DA:62,1
DA:64,2
DA:65,2
DA:66,1
DA:70,1
DA:74,3
DA:75,3
DA:76,3
DA:77,3
DA:78,2
DA:80,1
DA:82,1
DA:83,1
DA:87,1
DA:93,2
LF:49
LH:49
BRDA:13,0,0,1
BRDA:13,0,1,2
BRDA:31,1,0,5
BRDA:31,1,1,1
BRDA:31,2,0,6
BRDA:31,2,1,6
BRDA:32,3,0,2
BRDA:32,3,1,3
BRDA:34,4,0,1
BRDA:34,4,1,1
BRDA:60,5,0,1
BRDA:60,5,1,2
BRDA:78,6,0,1
BRDA:78,6,1,1
BRF:14
BRH:14
end_of_record
TN:
SF:src/controllers/post_controller.ts
FN:4,(anonymous_8)
FN:4,(anonymous_9)
FN:14,(anonymous_10)
FN:14,(anonymous_11)
FN:29,(anonymous_12)
FN:29,(anonymous_13)
FN:44,(anonymous_14)
FN:44,(anonymous_15)
FN:54,(anonymous_16)
FN:54,(anonymous_17)
FNF:10
FNH:10
FNDA:6,(anonymous_8)
FNDA:6,(anonymous_9)
FNDA:4,(anonymous_10)
FNDA:4,(anonymous_11)
FNDA:3,(anonymous_12)
FNDA:3,(anonymous_13)
FNDA:1,(anonymous_14)
FNDA:1,(anonymous_15)
FNDA:1,(anonymous_16)
FNDA:1,(anonymous_17)
DA:1,2
DA:4,6
DA:5,6
DA:6,6
DA:7,6
DA:8,5
DA:10,1
DA:14,4
DA:15,4
DA:16,4
DA:17,4
DA:18,1
DA:19,1
DA:20,3
DA:21,3
DA:22,3
DA:25,0
DA:29,3
DA:30,3
DA:32,3
DA:33,3
DA:34,3
DA:35,2
DA:37,1
DA:40,0
DA:44,2
DA:45,1
DA:46,1
DA:47,1
DA:48,1
DA:50,0
DA:54,2
DA:55,1
DA:56,1
DA:58,1
DA:59,1
DA:60,1
DA:61,0
DA:64,1
DA:65,1
DA:68,0
DA:72,2
LF:42
LH:37
BRDA:17,0,0,1
BRDA:17,0,1,3
BRDA:20,1,0,3
BRDA:34,2,0,2
BRDA:34,2,1,1
BRDA:60,3,0,0
BRDA:60,3,1,1
BRF:7
BRH:6
end_of_record
TN:
SF:src/models/comment_model.ts
FNF:0
FNH:0
DA:1,2
DA:3,2
DA:22,2
DA:24,2
LF:4
LH:4
BRF:0
BRH:0
end_of_record
TN:
SF:src/models/post_model.ts
FNF:0
FNH:0
DA:1,2
DA:3,2
DA:18,2
DA:20,2
LF:4
LH:4
BRF:0
BRH:0
end_of_record
TN:
SF:src/routes/health_route.ts
FN:6,(anonymous_8)
FN:6,(anonymous_9)
FNF:2
FNH:0
FNDA:0,(anonymous_8)
FNDA:0,(anonymous_9)
DA:1,2
DA:2,2
DA:6,2
DA:7,0
DA:14,2
LF:5
LH:4
BRF:0
BRH:0
end_of_record
TN:
SF:src/routes/post_route.ts
FNF:0
FNH:0
DA:1,2
DA:2,2
DA:3,2
DA:4,2
DA:6,2
DA:7,2
DA:8,2
DA:9,2
DA:10,2
DA:12,2
DA:13,2
DA:14,2
DA:15,2
DA:16,2
DA:18,2
LF:15
LH:15
BRF:0
BRH:0
end_of_record
