TN:
SF:src/server.ts
FN:17,(anonymous_1)
FN:18,(anonymous_2)
FN:26,(anonymous_3)
FN:27,(anonymous_4)
FN:33,(anonymous_5)
FN:36,(anonymous_6)
FNF:6
FNH:4
FNDA:0,(anonymous_1)
FNDA:3,(anonymous_2)
FNDA:3,(anonymous_3)
FNDA:3,(anonymous_4)
FNDA:3,(anonymous_5)
FNDA:0,(anonymous_6)
DA:2,3
DA:3,3
DA:4,3
DA:5,3
DA:6,3
DA:7,3
DA:8,3
DA:9,3
DA:10,3
DA:12,3
DA:13,3
DA:14,3
DA:16,3
DA:17,3
DA:18,3
DA:21,3
DA:22,3
DA:23,3
DA:24,3
DA:26,3
DA:27,3
DA:28,3
DA:29,0
DA:31,3
DA:34,3
DA:37,0
DA:43,3
LF:27
LH:25
BRDA:28,0,0,0
BRDA:28,0,1,3
BRF:2
BRH:1
end_of_record
TN:
SF:src/controllers/auth_controller.ts
FN:8,(anonymous_8)
FN:8,(anonymous_9)
FN:24,(anonymous_10)
FN:24,(anonymous_11)
FN:72,(anonymous_12)
FN:72,(anonymous_13)
FN:77,(anonymous_14)
FN:77,(anonymous_15)
FN:107,(anonymous_16)
FN:107,(anonymous_17)
FN:120,(anonymous_18)
FN:120,(anonymous_19)
FN:125,(anonymous_20)
FN:125,(anonymous_21)
FNF:14
FNH:0
FNDA:0,(anonymous_8)
FNDA:0,(anonymous_9)
FNDA:0,(anonymous_10)
FNDA:0,(anonymous_11)
FNDA:0,(anonymous_12)
FNDA:0,(anonymous_13)
FNDA:0,(anonymous_14)
FNDA:0,(anonymous_15)
FNDA:0,(anonymous_16)
FNDA:0,(anonymous_17)
FNDA:0,(anonymous_18)
FNDA:0,(anonymous_19)
FNDA:0,(anonymous_20)
FNDA:0,(anonymous_21)
DA:2,3
DA:3,3
DA:4,3
DA:8,3
DA:9,0
DA:10,0
DA:11,0
DA:12,0
DA:13,0
DA:16,0
DA:19,0
DA:24,3
DA:25,0
DA:26,0
DA:27,0
DA:28,0
DA:29,0
DA:31,0
DA:32,0
DA:33,0
DA:45,0
DA:58,0
DA:59,0
DA:60,0
DA:61,0
DA:64,0
DA:68,0
DA:72,3
DA:73,0
DA:74,0
DA:75,0
DA:77,0
DA:78,0
DA:79,0
DA:81,0
DA:82,0
DA:83,0
DA:84,0
DA:86,0
DA:87,0
DA:88,0
DA:89,0
DA:92,0
DA:93,0
DA:94,0
DA:98,0
DA:107,3
DA:108,0
DA:109,0
DA:110,0
DA:112,0
DA:113,0
DA:115,0
DA:120,3
DA:121,0
DA:122,0
DA:123,0
DA:125,0
DA:126,0
DA:127,0
DA:129,0
DA:130,0
DA:131,0
DA:132,0
DA:134,0
DA:135,0
DA:136,0
DA:137,0
DA:139,0
DA:151,0
DA:163,0
DA:164,0
DA:165,0
DA:167,0
DA:172,3
LF:75
LH:9
BRDA:12,0,0,0
BRDA:12,0,1,0
BRDA:28,1,0,0
BRDA:28,1,1,0
BRDA:32,2,0,0
BRDA:32,2,1,0
BRDA:58,3,0,0
BRDA:58,3,1,0
BRDA:73,4,0,0
BRDA:73,4,1,0
BRDA:73,5,0,0
BRDA:73,5,1,0
BRDA:74,6,0,0
BRDA:78,7,0,0
BRDA:83,8,0,0
BRDA:83,8,1,0
BRDA:86,9,0,0
BRDA:86,9,1,0
BRDA:108,10,0,0
BRDA:108,10,1,0
BRDA:108,11,0,0
BRDA:108,11,1,0
BRDA:109,12,0,0
BRDA:121,13,0,0
BRDA:121,13,1,0
BRDA:121,14,0,0
BRDA:121,14,1,0
BRDA:122,15,0,0
BRDA:126,16,0,0
BRDA:131,17,0,0
BRDA:131,17,1,0
BRDA:134,18,0,0
BRDA:134,18,1,0
BRF:33
BRH:0
end_of_record
TN:
SF:src/controllers/comment_controller.ts
FN:7,(anonymous_8)
FN:7,(anonymous_9)
FN:25,(anonymous_10)
FN:25,(anonymous_11)
FN:54,(anonymous_12)
FN:54,(anonymous_13)
FN:73,(anonymous_14)
FN:73,(anonymous_15)
FNF:8
FNH:8
FNDA:3,(anonymous_8)
FNDA:3,(anonymous_9)
FNDA:7,(anonymous_10)
FNDA:7,(anonymous_11)
FNDA:3,(anonymous_12)
FNDA:3,(anonymous_13)
FNDA:3,(anonymous_14)
FNDA:3,(anonymous_15)
DA:1,3
DA:2,3
DA:3,3
DA:7,3
DA:8,3
DA:9,3
DA:11,3
DA:12,3
DA:13,3
DA:15,1
DA:17,2
DA:18,1
DA:21,1
DA:25,7
DA:26,7
DA:28,7
DA:30,7
DA:31,6
DA:32,5
DA:33,2
DA:34,2
DA:35,1
DA:38,1
DA:42,3
DA:43,3
DA:46,1
DA:50,1
DA:54,3
DA:55,3
DA:56,3
DA:57,3
DA:58,3
DA:59,3
DA:61,1
DA:63,2
DA:64,2
DA:65,1
DA:69,1
DA:73,3
DA:74,3
DA:75,3
DA:76,3
DA:77,2
DA:79,1
DA:81,1
DA:82,1
DA:86,1
DA:92,3
LF:48
LH:48
BRDA:13,0,0,1
BRDA:13,0,1,2
BRDA:31,1,0,5
BRDA:31,1,1,1
BRDA:31,2,0,6
BRDA:31,2,1,6
BRDA:32,3,0,2
BRDA:32,3,1,3
BRDA:34,4,0,1
BRDA:34,4,1,1
BRDA:59,5,0,1
BRDA:59,5,1,2
BRDA:77,6,0,1
BRDA:77,6,1,1
BRF:14
BRH:14
end_of_record
TN:
SF:src/controllers/post_controller.ts
FN:4,(anonymous_8)
FN:4,(anonymous_9)
FN:14,(anonymous_10)
FN:14,(anonymous_11)
FN:29,(anonymous_12)
FN:29,(anonymous_13)
FN:44,(anonymous_14)
FN:44,(anonymous_15)
FN:54,(anonymous_16)
FN:54,(anonymous_17)
FNF:10
FNH:10
FNDA:6,(anonymous_8)
FNDA:6,(anonymous_9)
FNDA:4,(anonymous_10)
FNDA:4,(anonymous_11)
FNDA:3,(anonymous_12)
FNDA:3,(anonymous_13)
FNDA:1,(anonymous_14)
FNDA:1,(anonymous_15)
FNDA:1,(anonymous_16)
FNDA:1,(anonymous_17)
DA:1,3
DA:4,6
DA:5,6
DA:6,6
DA:7,6
DA:8,5
DA:10,1
DA:14,4
DA:15,4
DA:16,4
DA:17,4
DA:18,1
DA:19,1
DA:20,3
DA:21,3
DA:22,3
DA:25,0
DA:29,3
DA:30,3
DA:32,3
DA:33,3
DA:34,3
DA:35,2
DA:37,1
DA:40,0
DA:44,3
DA:45,1
DA:46,1
DA:47,1
DA:48,1
DA:50,0
DA:54,3
DA:55,1
DA:56,1
DA:58,1
DA:59,1
DA:60,1
DA:61,0
DA:64,1
DA:65,1
DA:68,0
DA:72,3
LF:42
LH:37
BRDA:17,0,0,1
BRDA:17,0,1,3
BRDA:20,1,0,3
BRDA:34,2,0,2
BRDA:34,2,1,1
BRDA:60,3,0,0
BRDA:60,3,1,1
BRF:7
BRH:6
end_of_record
TN:
SF:src/controllers/user_controller.ts
FN:7,(anonymous_8)
FN:7,(anonymous_9)
FN:33,(anonymous_10)
FN:33,(anonymous_11)
FN:44,(anonymous_12)
FN:44,(anonymous_13)
FN:65,(anonymous_14)
FN:65,(anonymous_15)
FN:86,(anonymous_16)
FN:86,(anonymous_17)
FNF:10
FNH:10
FNDA:5,(anonymous_8)
FNDA:5,(anonymous_9)
FNDA:2,(anonymous_10)
FNDA:2,(anonymous_11)
FNDA:7,(anonymous_12)
FNDA:7,(anonymous_13)
FNDA:4,(anonymous_14)
FNDA:4,(anonymous_15)
FNDA:8,(anonymous_16)
FNDA:8,(anonymous_17)
DA:1,3
DA:3,3
DA:4,3
DA:7,5
DA:8,5
DA:11,5
DA:12,3
DA:13,3
DA:15,2
DA:16,2
DA:17,0
DA:18,0
DA:20,2
DA:21,2
DA:22,2
DA:23,2
DA:24,1
DA:27,1
DA:28,1
DA:33,3
DA:34,2
DA:35,2
DA:36,1
DA:38,1
DA:39,1
DA:44,7
DA:45,7
DA:47,7
DA:48,7
DA:49,1
DA:50,1
DA:52,6
DA:53,5
DA:54,2
DA:55,2
DA:57,3
DA:59,1
DA:60,1
DA:65,4
DA:66,4
DA:68,4
DA:69,4
DA:70,1
DA:71,1
DA:73,3
DA:74,2
DA:75,1
DA:76,1
DA:78,1
DA:80,1
DA:81,1
DA:86,8
DA:87,8
DA:92,8
DA:94,8
DA:96,8
DA:98,8
DA:99,1
DA:100,7
DA:101,1
DA:108,6
DA:109,6
DA:110,1
DA:115,6
DA:122,4
DA:123,1
DA:124,1
DA:127,3
DA:131,2
DA:133,2
DA:134,1
DA:137,1
DA:144,3
LF:73
LH:71
BRDA:11,0,0,3
BRDA:11,1,0,5
BRDA:11,1,1,4
BRDA:11,1,2,3
BRDA:16,2,0,0
BRDA:16,2,1,2
BRDA:16,3,0,2
BRDA:16,3,1,2
BRDA:48,4,0,1
BRDA:53,5,0,2
BRDA:69,6,0,1
BRDA:74,7,0,1
BRDA:98,8,0,1
BRDA:98,8,1,7
BRDA:100,9,0,1
BRDA:100,9,1,6
BRDA:109,10,0,1
BRDA:116,11,0,6
BRDA:116,11,1,0
BRDA:117,12,0,6
BRDA:117,12,1,3
BRDA:122,13,0,1
BRDA:122,13,1,3
BRDA:133,14,0,1
BRDA:133,14,1,1
BRDA:133,15,0,2
BRDA:133,15,1,2
BRF:27
BRH:25
end_of_record
TN:
SF:src/models/comment_model.ts
FNF:0
FNH:0
DA:1,3
DA:3,3
DA:22,3
DA:24,3
LF:4
LH:4
BRF:0
BRH:0
end_of_record
TN:
SF:src/models/post_model.ts
FNF:0
FNH:0
DA:1,3
DA:3,3
DA:18,3
DA:20,3
LF:4
LH:4
BRF:0
BRH:0
end_of_record
TN:
SF:src/models/user_model.ts
FNF:0
FNH:0
DA:2,3
DA:4,3
DA:39,3
DA:40,3
LF:4
LH:4
BRF:0
BRH:0
end_of_record
TN:
SF:src/routes/auth_route.ts
FNF:0
FNH:0
DA:1,3
DA:2,3
DA:3,3
DA:5,3
DA:6,3
DA:7,3
DA:9,3
LF:7
LH:7
BRF:0
BRH:0
end_of_record
TN:
SF:src/routes/health_route.ts
FN:6,(anonymous_8)
FN:6,(anonymous_9)
FNF:2
FNH:0
FNDA:0,(anonymous_8)
FNDA:0,(anonymous_9)
DA:1,3
DA:2,3
DA:6,3
DA:7,0
DA:14,3
LF:5
LH:4
BRF:0
BRH:0
end_of_record
TN:
SF:src/routes/post_route.ts
FNF:0
FNH:0
DA:1,3
DA:2,3
DA:3,3
DA:4,3
DA:6,3
DA:7,3
DA:8,3
DA:9,3
DA:10,3
DA:12,3
DA:13,3
DA:14,3
DA:15,3
DA:16,3
DA:18,3
LF:15
LH:15
BRF:0
BRH:0
end_of_record
TN:
SF:src/routes/user_route.ts
FNF:0
FNH:0
DA:1,3
DA:2,3
DA:3,3
DA:5,3
DA:6,3
DA:7,3
DA:8,3
DA:9,3
DA:12,3
LF:9
LH:9
BRF:0
BRH:0
end_of_record
